info: This is OpenGeoSys-6 version 6.4.0-1358-g91e80ece2.dirty.
info: OGS started on 2021-10-21 18:52:23+0200.
info: ConstantParameter: E
info: ConstantParameter: nu
info: ConstantParameter: displacement0
info: ConstantParameter: pressure_ic
info: ConstantParameter: dirichlet0
info: ConstantParameter: neumann0
info: ConstantParameter: pressure_bc_left
info: ConstantParameter: temperature0
info: ConstantParameter: Tvalue
info: CurveScaledParameter: temperature1
info: No source terms for process variable 'pressure' found.
info: No source terms for process variable 'temperature' found.
info: Initialize processes.
info: Solve processes.
info: [time] Output of timestep 0 took 0.00121173 s.
info: === Time stepping at step #1 and time 0.1 with step size 0.1
info: Calculate non-equilibrium initial residuum.
info: [time] Assembly took 0.000391739 s.
info: [time] Applying Dirichlet BCs took 8.464e-06 s.
info: ------------------------------------------------------------------
info: *** Eigen solver computation
info: -> scale
info: -> solve with SparseLU
info: ------------------------------------------------------------------
info: [time] Linear solver took 3.2776e-05 s.
info: Convergence criterion, component 0: |dx|=0.0000e+00, |x|=8.7061e+02, |dx|/|x|=0.0000e+00
info: Convergence criterion, component 1: |dx|=4.6921e+02, |x|=2.7815e+04, |dx|/|x|=1.6869e-02
info: [time] Iteration #1 took 0.000445769 s.
info: [time] Assembly took 0.000271548 s.
info: [time] Applying Dirichlet BCs took 6.291e-06 s.
info: ------------------------------------------------------------------
info: *** Eigen solver computation
info: -> scale
info: -> solve with SparseLU
info: ------------------------------------------------------------------
info: [time] Linear solver took 2.0849e-05 s.
info: Convergence criterion, component 0: |dx|=0.0000e+00, |x|=8.7061e+02, |dx|/|x|=0.0000e+00
info: Convergence criterion, component 1: |dx|=1.4727e+01, |x|=2.7830e+04, |dx|/|x|=5.2917e-04
info: [time] Iteration #2 took 0.00030816 s.
info: [time] Assembly took 0.000269642 s.
info: [time] Applying Dirichlet BCs took 5.678e-06 s.
info: ------------------------------------------------------------------
info: *** Eigen solver computation
info: -> scale
info: -> solve with SparseLU
info: ------------------------------------------------------------------
info: [time] Linear solver took 1.9535e-05 s.
info: Convergence criterion, component 0: |dx|=0.0000e+00, |x|=8.7061e+02, |dx|/|x|=0.0000e+00
info: Convergence criterion, component 1: |dx|=1.0383e-01, |x|=2.7830e+04, |dx|/|x|=3.7307e-06
info: [time] Iteration #3 took 0.000303935 s.
info: [time] Assembly took 0.000266905 s.
info: [time] Applying Dirichlet BCs took 5.211e-06 s.
info: ------------------------------------------------------------------
info: *** Eigen solver computation
info: -> scale
info: -> solve with SparseLU
info: ------------------------------------------------------------------
info: [time] Linear solver took 1.8324e-05 s.
info: Convergence criterion, component 0: |dx|=0.0000e+00, |x|=8.7061e+02, |dx|/|x|=0.0000e+00
info: Convergence criterion, component 1: |dx|=6.0375e-04, |x|=2.7830e+04, |dx|/|x|=2.1694e-08
info: [time] Iteration #4 took 0.000299088 s.
info: [time] Solving process #0 took 0.00136435 s in time step #1 
info: [time] Time step #1 took 0.00139304 s.
info: [time] Output of timestep 1 took 0.00108358 s.
info: === Time stepping at step #2 and time 0.2 with step size 0.1
info: [time] Assembly took 0.000313853 s.
info: [time] Applying Dirichlet BCs took 7.015e-06 s.
info: ------------------------------------------------------------------
info: *** Eigen solver computation
info: -> scale
info: -> solve with SparseLU
info: ------------------------------------------------------------------
info: [time] Linear solver took 2.6716e-05 s.
info: Convergence criterion, component 0: |dx|=0.0000e+00, |x|=9.1207e+02, |dx|/|x|=0.0000e+00
info: Convergence criterion, component 1: |dx|=4.3758e+02, |x|=2.7392e+04, |dx|/|x|=1.5975e-02
info: [time] Iteration #1 took 0.000358393 s.
info: [time] Assembly took 0.000269462 s.
info: [time] Applying Dirichlet BCs took 6.121e-06 s.
info: ------------------------------------------------------------------
info: *** Eigen solver computation
info: -> scale
info: -> solve with SparseLU
info: ------------------------------------------------------------------
info: [time] Linear solver took 2.1027e-05 s.
info: Convergence criterion, component 0: |dx|=0.0000e+00, |x|=9.1207e+02, |dx|/|x|=0.0000e+00
info: Convergence criterion, component 1: |dx|=1.2905e+01, |x|=2.7405e+04, |dx|/|x|=4.7090e-04
info: [time] Iteration #2 took 0.00030778 s.
info: [time] Assembly took 0.000266825 s.
info: [time] Applying Dirichlet BCs took 5.699e-06 s.
info: ------------------------------------------------------------------
info: *** Eigen solver computation
info: -> scale
info: -> solve with SparseLU
info: ------------------------------------------------------------------
info: [time] Linear solver took 1.9415e-05 s.
info: Convergence criterion, component 0: |dx|=0.0000e+00, |x|=9.1207e+02, |dx|/|x|=0.0000e+00
info: Convergence criterion, component 1: |dx|=8.9195e-02, |x|=2.7405e+04, |dx|/|x|=3.2547e-06
info: [time] Iteration #3 took 0.0003009 s.
info: [time] Assembly took 0.000263218 s.
info: [time] Applying Dirichlet BCs took 5.349e-06 s.
info: ------------------------------------------------------------------
info: *** Eigen solver computation
info: -> scale
info: -> solve with SparseLU
info: ------------------------------------------------------------------
info: [time] Linear solver took 1.9015e-05 s.
info: Convergence criterion, component 0: |dx|=0.0000e+00, |x|=9.1207e+02, |dx|/|x|=0.0000e+00
info: Convergence criterion, component 1: |dx|=5.1857e-04, |x|=2.7405e+04, |dx|/|x|=1.8922e-08
info: [time] Iteration #4 took 0.000296243 s.
info: [time] Solving process #0 took 0.00127044 s in time step #2 
info: [time] Time step #2 took 0.00129622 s.
info: [time] Output of timestep 2 took 0.00103162 s.
info: === Time stepping at step #3 and time 0.3 with step size 0.1
info: [time] Assembly took 0.000350182 s.
info: [time] Applying Dirichlet BCs took 6.839e-06 s.
info: ------------------------------------------------------------------
info: *** Eigen solver computation
info: -> scale
info: -> solve with SparseLU
info: ------------------------------------------------------------------
info: [time] Linear solver took 2.6578e-05 s.
info: Convergence criterion, component 0: |dx|=0.0000e+00, |x|=9.5353e+02, |dx|/|x|=0.0000e+00
info: Convergence criterion, component 1: |dx|=4.0969e+02, |x|=2.6996e+04, |dx|/|x|=1.5176e-02
info: [time] Iteration #1 took 0.000394556 s.
info: [time] Assembly took 0.000272929 s.
info: [time] Applying Dirichlet BCs took 6.088e-06 s.
info: ------------------------------------------------------------------
info: *** Eigen solver computation
info: -> scale
info: -> solve with SparseLU
info: ------------------------------------------------------------------
info: [time] Linear solver took 2.006e-05 s.
info: Convergence criterion, component 0: |dx|=0.0000e+00, |x|=9.5353e+02, |dx|/|x|=0.0000e+00
info: Convergence criterion, component 1: |dx|=1.1385e+01, |x|=2.7007e+04, |dx|/|x|=4.2154e-04
info: [time] Iteration #2 took 0.000308315 s.
info: [time] Assembly took 0.000268962 s.
info: [time] Applying Dirichlet BCs took 5.427e-06 s.
info: ------------------------------------------------------------------
info: *** Eigen solver computation
info: -> scale
info: -> solve with SparseLU
info: ------------------------------------------------------------------
info: [time] Linear solver took 1.9194e-05 s.
info: Convergence criterion, component 0: |dx|=0.0000e+00, |x|=9.5353e+02, |dx|/|x|=0.0000e+00
info: Convergence criterion, component 1: |dx|=7.7351e-02, |x|=2.7007e+04, |dx|/|x|=2.8641e-06
info: [time] Iteration #3 took 0.000302323 s.
info: [time] Assembly took 0.000268439 s.
info: [time] Applying Dirichlet BCs took 5.41e-06 s.
info: ------------------------------------------------------------------
info: *** Eigen solver computation
info: -> scale
info: -> solve with SparseLU
info: ------------------------------------------------------------------
info: [time] Linear solver took 2.0325e-05 s.
info: Convergence criterion, component 0: |dx|=0.0000e+00, |x|=9.5353e+02, |dx|/|x|=0.0000e+00
info: Convergence criterion, component 1: |dx|=4.4964e-04, |x|=2.7007e+04, |dx|/|x|=1.6649e-08
info: [time] Iteration #4 took 0.000303034 s.
info: [time] Solving process #0 took 0.00131512 s in time step #3 
info: [time] Time step #3 took 0.00134065 s.
info: [time] Output of timestep 3 took 0.00105092 s.
info: === Time stepping at step #4 and time 0.4 with step size 0.1
info: [time] Assembly took 0.000347648 s.
info: [time] Applying Dirichlet BCs took 6.867e-06 s.
info: ------------------------------------------------------------------
info: *** Eigen solver computation
info: -> scale
info: -> solve with SparseLU
info: ------------------------------------------------------------------
info: [time] Linear solver took 2.7147e-05 s.
info: Convergence criterion, component 0: |dx|=0.0000e+00, |x|=9.9498e+02, |dx|/|x|=0.0000e+00
info: Convergence criterion, component 1: |dx|=3.8493e+02, |x|=2.6622e+04, |dx|/|x|=1.4459e-02
info: [time] Iteration #1 took 0.000392434 s.
info: [time] Assembly took 0.000269129 s.
info: [time] Applying Dirichlet BCs took 6.059e-06 s.
info: ------------------------------------------------------------------
info: *** Eigen solver computation
info: -> scale
info: -> solve with SparseLU
info: ------------------------------------------------------------------
info: [time] Linear solver took 2.0818e-05 s.
info: Convergence criterion, component 0: |dx|=0.0000e+00, |x|=9.9498e+02, |dx|/|x|=0.0000e+00
info: Convergence criterion, component 1: |dx|=1.0103e+01, |x|=2.6632e+04, |dx|/|x|=3.7937e-04
info: [time] Iteration #2 took 0.000305149 s.
info: [time] Assembly took 0.000268195 s.
info: [time] Applying Dirichlet BCs took 5.559e-06 s.
info: ------------------------------------------------------------------
info: *** Eigen solver computation
info: -> scale
info: -> solve with SparseLU
info: ------------------------------------------------------------------
info: [time] Linear solver took 1.909e-05 s.
info: Convergence criterion, component 0: |dx|=0.0000e+00, |x|=9.9498e+02, |dx|/|x|=0.0000e+00
info: Convergence criterion, component 1: |dx|=6.7635e-02, |x|=2.6632e+04, |dx|/|x|=2.5396e-06
info: [time] Iteration #3 took 0.000301608 s.
info: [time] Assembly took 0.000307962 s.
info: [time] Applying Dirichlet BCs took 5.693e-06 s.
info: ------------------------------------------------------------------
info: *** Eigen solver computation
info: -> scale
info: -> solve with SparseLU
info: ------------------------------------------------------------------
info: [time] Linear solver took 1.9816e-05 s.
info: Convergence criterion, component 0: |dx|=0.0000e+00, |x|=9.9498e+02, |dx|/|x|=0.0000e+00
info: Convergence criterion, component 1: |dx|=3.9311e-04, |x|=2.6632e+04, |dx|/|x|=1.4761e-08
info: [time] Iteration #4 took 0.000356983 s.
info: [time] Solving process #0 took 0.00136327 s in time step #4 
info: [time] Time step #4 took 0.00138898 s.
info: [time] Output of timestep 4 took 0.00100039 s.
info: === Time stepping at step #5 and time 0.5 with step size 0.1
info: [time] Assembly took 0.000346253 s.
info: [time] Applying Dirichlet BCs took 7.015e-06 s.
info: ------------------------------------------------------------------
info: *** Eigen solver computation
info: -> scale
info: -> solve with SparseLU
info: ------------------------------------------------------------------
info: [time] Linear solver took 2.3177e-05 s.
info: Convergence criterion, component 0: |dx|=0.0000e+00, |x|=1.0364e+03, |dx|/|x|=0.0000e+00
info: Convergence criterion, component 1: |dx|=3.6282e+02, |x|=2.6269e+04, |dx|/|x|=1.3811e-02
info: [time] Iteration #1 took 0.000387251 s.
info: [time] Assembly took 0.000277769 s.
info: [time] Applying Dirichlet BCs took 5.975e-06 s.
info: ------------------------------------------------------------------
info: *** Eigen solver computation
info: -> scale
info: -> solve with SparseLU
info: ------------------------------------------------------------------
info: [time] Linear solver took 2.251e-05 s.
info: Convergence criterion, component 0: |dx|=0.0000e+00, |x|=1.0364e+03, |dx|/|x|=0.0000e+00
info: Convergence criterion, component 1: |dx|=9.0152e+00, |x|=2.6279e+04, |dx|/|x|=3.4306e-04
info: [time] Iteration #2 took 0.000315735 s.
info: [time] Assembly took 0.000267201 s.
info: [time] Applying Dirichlet BCs took 5.601e-06 s.
info: ------------------------------------------------------------------
info: *** Eigen solver computation
info: -> scale
info: -> solve with SparseLU
info: ------------------------------------------------------------------
info: [time] Linear solver took 1.9719e-05 s.
info: Convergence criterion, component 0: |dx|=0.0000e+00, |x|=1.0364e+03, |dx|/|x|=0.0000e+00
info: Convergence criterion, component 1: |dx|=5.9574e-02, |x|=2.6279e+04, |dx|/|x|=2.2670e-06
info: [time] Iteration #3 took 0.000301582 s.
info: [time] Assembly took 0.000268015 s.
info: [time] Applying Dirichlet BCs took 5.451e-06 s.
info: ------------------------------------------------------------------
info: *** Eigen solver computation
info: -> scale
info: -> solve with SparseLU
info: ------------------------------------------------------------------
info: [time] Linear solver took 1.8828e-05 s.
info: Convergence criterion, component 0: |dx|=0.0000e+00, |x|=1.0364e+03, |dx|/|x|=0.0000e+00
info: Convergence criterion, component 1: |dx|=3.4622e-04, |x|=2.6279e+04, |dx|/|x|=1.3175e-08
info: [time] Iteration #4 took 0.000300793 s.
info: [time] Solving process #0 took 0.00131222 s in time step #5 
info: [time] Time step #5 took 0.00134003 s.
info: [time] Output of timestep 5 took 0.0010987 s.
info: === Time stepping at step #6 and time 0.6 with step size 0.1
info: [time] Assembly took 0.000349505 s.
info: [time] Applying Dirichlet BCs took 7.099e-06 s.
info: ------------------------------------------------------------------
info: *** Eigen solver computation
info: -> scale
info: -> solve with SparseLU
info: ------------------------------------------------------------------
info: [time] Linear solver took 2.3493e-05 s.
info: Convergence criterion, component 0: |dx|=0.0000e+00, |x|=1.0779e+03, |dx|/|x|=0.0000e+00
info: Convergence criterion, component 1: |dx|=3.4296e+02, |x|=2.5936e+04, |dx|/|x|=1.3223e-02
info: [time] Iteration #1 took 0.000391295 s.
info: [time] Assembly took 0.000269694 s.
info: [time] Applying Dirichlet BCs took 6.061e-06 s.
info: ------------------------------------------------------------------
info: *** Eigen solver computation
info: -> scale
info: -> solve with SparseLU
info: ------------------------------------------------------------------
info: [time] Linear solver took 2.0336e-05 s.
info: Convergence criterion, component 0: |dx|=0.0000e+00, |x|=1.0779e+03, |dx|/|x|=0.0000e+00
info: Convergence criterion, component 1: |dx|=8.0837e+00, |x|=2.5944e+04, |dx|/|x|=3.1158e-04
info: [time] Iteration #2 took 0.000305382 s.
info: [time] Assembly took 0.00026612 s.
info: [time] Applying Dirichlet BCs took 5.515e-06 s.
info: ------------------------------------------------------------------
info: *** Eigen solver computation
info: -> scale
info: -> solve with SparseLU
info: ------------------------------------------------------------------
info: [time] Linear solver took 1.8803e-05 s.
info: Convergence criterion, component 0: |dx|=0.0000e+00, |x|=1.0779e+03, |dx|/|x|=0.0000e+00
info: Convergence criterion, component 1: |dx|=5.2815e-02, |x|=2.5944e+04, |dx|/|x|=2.0357e-06
info: [time] Iteration #3 took 0.000299598 s.
info: [time] Assembly took 0.000265417 s.
info: [time] Applying Dirichlet BCs took 5.312e-06 s.
info: ------------------------------------------------------------------
info: *** Eigen solver computation
info: -> scale
info: -> solve with SparseLU
info: ------------------------------------------------------------------
info: [time] Linear solver took 1.8371e-05 s.
info: Convergence criterion, component 0: |dx|=0.0000e+00, |x|=1.0779e+03, |dx|/|x|=0.0000e+00
info: Convergence criterion, component 1: |dx|=3.0691e-04, |x|=2.5944e+04, |dx|/|x|=1.1830e-08
info: [time] Iteration #4 took 0.000299775 s.
info: [time] Solving process #0 took 0.0013032 s in time step #6 
info: [time] Time step #6 took 0.00132881 s.
info: [time] Output of timestep 6 took 0.00103369 s.
info: === Time stepping at step #7 and time 0.7 with step size 0.1
info: [time] Assembly took 0.000344436 s.
info: [time] Applying Dirichlet BCs took 6.981e-06 s.
info: ------------------------------------------------------------------
info: *** Eigen solver computation
info: -> scale
info: -> solve with SparseLU
info: ------------------------------------------------------------------
info: [time] Linear solver took 2.3093e-05 s.
info: Convergence criterion, component 0: |dx|=0.0000e+00, |x|=1.1194e+03, |dx|/|x|=0.0000e+00
info: Convergence criterion, component 1: |dx|=3.2504e+02, |x|=2.5619e+04, |dx|/|x|=1.2688e-02
info: [time] Iteration #1 took 0.000385326 s.
info: [time] Assembly took 0.000269417 s.
info: [time] Applying Dirichlet BCs took 5.923e-06 s.
info: ------------------------------------------------------------------
info: *** Eigen solver computation
info: -> scale
info: -> solve with SparseLU
info: ------------------------------------------------------------------
info: [time] Linear solver took 2.0257e-05 s.
info: Convergence criterion, component 0: |dx|=0.0000e+00, |x|=1.1194e+03, |dx|/|x|=0.0000e+00
info: Convergence criterion, component 1: |dx|=7.2809e+00, |x|=2.5626e+04, |dx|/|x|=2.8412e-04
info: [time] Iteration #2 took 0.000304674 s.
info: [time] Assembly took 0.000308553 s.
info: [time] Applying Dirichlet BCs took 8.825e-06 s.
info: ------------------------------------------------------------------
info: *** Eigen solver computation
info: -> scale
info: -> solve with SparseLU
info: ------------------------------------------------------------------
info: [time] Linear solver took 1.9098e-05 s.
info: Convergence criterion, component 0: |dx|=0.0000e+00, |x|=1.1194e+03, |dx|/|x|=0.0000e+00
info: Convergence criterion, component 1: |dx|=4.7096e-02, |x|=2.5626e+04, |dx|/|x|=1.8378e-06
info: [time] Iteration #3 took 0.000345718 s.
info: [time] Assembly took 0.000266752 s.
info: [time] Applying Dirichlet BCs took 5.143e-06 s.
info: ------------------------------------------------------------------
info: *** Eigen solver computation
info: -> scale
info: -> solve with SparseLU
info: ------------------------------------------------------------------
info: [time] Linear solver took 1.9003e-05 s.
info: Convergence criterion, component 0: |dx|=0.0000e+00, |x|=1.1194e+03, |dx|/|x|=0.0000e+00
info: Convergence criterion, component 1: |dx|=2.7365e-04, |x|=2.5626e+04, |dx|/|x|=1.0679e-08
info: [time] Iteration #4 took 0.000299426 s.
info: [time] Solving process #0 took 0.00134234 s in time step #7 
info: [time] Time step #7 took 0.00136803 s.
info: [time] Output of timestep 7 took 0.00103402 s.
info: === Time stepping at step #8 and time 0.8 with step size 0.1
info: [time] Assembly took 0.000346443 s.
info: [time] Applying Dirichlet BCs took 6.786e-06 s.
info: ------------------------------------------------------------------
info: *** Eigen solver computation
info: -> scale
info: -> solve with SparseLU
info: ------------------------------------------------------------------
info: [time] Linear solver took 2.2882e-05 s.
info: Convergence criterion, component 0: |dx|=0.0000e+00, |x|=1.1608e+03, |dx|/|x|=0.0000e+00
info: Convergence criterion, component 1: |dx|=3.0880e+02, |x|=2.5317e+04, |dx|/|x|=1.2197e-02
info: [time] Iteration #1 took 0.000386752 s.
info: [time] Assembly took 0.000270515 s.
info: [time] Applying Dirichlet BCs took 5.799e-06 s.
info: ------------------------------------------------------------------
info: *** Eigen solver computation
info: -> scale
info: -> solve with SparseLU
info: ------------------------------------------------------------------
info: [time] Linear solver took 2.0632e-05 s.
info: Convergence criterion, component 0: |dx|=0.0000e+00, |x|=1.1608e+03, |dx|/|x|=0.0000e+00
info: Convergence criterion, component 1: |dx|=6.5847e+00, |x|=2.5324e+04, |dx|/|x|=2.6002e-04
info: [time] Iteration #2 took 0.000305985 s.
info: [time] Assembly took 0.00026845 s.
info: [time] Applying Dirichlet BCs took 5.495e-06 s.
info: ------------------------------------------------------------------
info: *** Eigen solver computation
info: -> scale
info: -> solve with SparseLU
info: ------------------------------------------------------------------
info: [time] Linear solver took 1.9493e-05 s.
info: Convergence criterion, component 0: |dx|=0.0000e+00, |x|=1.1608e+03, |dx|/|x|=0.0000e+00
info: Convergence criterion, component 1: |dx|=4.2217e-02, |x|=2.5324e+04, |dx|/|x|=1.6671e-06
info: [time] Iteration #3 took 0.000302143 s.
info: [time] Assembly took 0.000266857 s.
info: [time] Applying Dirichlet BCs took 5.298e-06 s.
info: ------------------------------------------------------------------
info: *** Eigen solver computation
info: -> scale
info: -> solve with SparseLU
info: ------------------------------------------------------------------
info: [time] Linear solver took 1.8582e-05 s.
info: Convergence criterion, component 0: |dx|=0.0000e+00, |x|=1.1608e+03, |dx|/|x|=0.0000e+00
info: Convergence criterion, component 1: |dx|=2.4529e-04, |x|=2.5324e+04, |dx|/|x|=9.6860e-09
info: [time] Iteration #4 took 0.000299394 s.
info: [time] Solving process #0 took 0.00130282 s in time step #8 
info: [time] Time step #8 took 0.00132825 s.
info: [time] Output of timestep 8 took 0.00105998 s.
info: === Time stepping at step #9 and time 0.9 with step size 0.1
info: [time] Assembly took 0.000346798 s.
info: [time] Applying Dirichlet BCs took 7.007e-06 s.
info: ------------------------------------------------------------------
info: *** Eigen solver computation
info: -> scale
info: -> solve with SparseLU
info: ------------------------------------------------------------------
info: [time] Linear solver took 2.3115e-05 s.
info: Convergence criterion, component 0: |dx|=0.0000e+00, |x|=1.2023e+03, |dx|/|x|=0.0000e+00
info: Convergence criterion, component 1: |dx|=2.9401e+02, |x|=2.5030e+04, |dx|/|x|=1.1747e-02
info: [time] Iteration #1 took 0.000387576 s.
info: [time] Assembly took 0.00027068 s.
info: [time] Applying Dirichlet BCs took 5.822e-06 s.
info: ------------------------------------------------------------------
info: *** Eigen solver computation
info: -> scale
info: -> solve with SparseLU
info: ------------------------------------------------------------------
info: [time] Linear solver took 2.006e-05 s.
info: Convergence criterion, component 0: |dx|=0.0000e+00, |x|=1.2023e+03, |dx|/|x|=0.0000e+00
info: Convergence criterion, component 1: |dx|=5.9774e+00, |x|=2.5036e+04, |dx|/|x|=2.3875e-04
info: [time] Iteration #2 took 0.000305859 s.
info: [time] Assembly took 0.00026854 s.
info: [time] Applying Dirichlet BCs took 5.554e-06 s.
info: ------------------------------------------------------------------
info: *** Eigen solver computation
info: -> scale
info: -> solve with SparseLU
info: ------------------------------------------------------------------
info: [time] Linear solver took 1.9643e-05 s.
info: Convergence criterion, component 0: |dx|=0.0000e+00, |x|=1.2023e+03, |dx|/|x|=0.0000e+00
info: Convergence criterion, component 1: |dx|=3.8023e-02, |x|=2.5036e+04, |dx|/|x|=1.5187e-06
info: [time] Iteration #3 took 0.000302624 s.
info: [time] Assembly took 0.000267624 s.
info: [time] Applying Dirichlet BCs took 5.295e-06 s.
info: ------------------------------------------------------------------
info: *** Eigen solver computation
info: -> scale
info: -> solve with SparseLU
info: ------------------------------------------------------------------
info: [time] Linear solver took 1.8369e-05 s.
info: Convergence criterion, component 0: |dx|=0.0000e+00, |x|=1.2023e+03, |dx|/|x|=0.0000e+00
info: Convergence criterion, component 1: |dx|=2.2091e-04, |x|=2.5036e+04, |dx|/|x|=8.8236e-09
info: [time] Iteration #4 took 0.000300065 s.
info: [time] Solving process #0 took 0.00130311 s in time step #9 
info: [time] Time step #9 took 0.00132888 s.
info: [time] Output of timestep 9 took 0.00102874 s.
info: === Time stepping at step #10 and time 1 with step size 0.1
info: [time] Assembly took 0.000362805 s.
info: [time] Applying Dirichlet BCs took 7.024e-06 s.
info: ------------------------------------------------------------------
info: *** Eigen solver computation
info: -> scale
info: -> solve with SparseLU
info: ------------------------------------------------------------------
info: [time] Linear solver took 2.337e-05 s.
info: Convergence criterion, component 0: |dx|=0.0000e+00, |x|=1.2437e+03, |dx|/|x|=0.0000e+00
info: Convergence criterion, component 1: |dx|=2.8051e+02, |x|=2.4755e+04, |dx|/|x|=1.1331e-02
info: [time] Iteration #1 took 0.000404075 s.
info: [time] Assembly took 0.000267496 s.
info: [time] Applying Dirichlet BCs took 5.9e-06 s.
info: ------------------------------------------------------------------
info: *** Eigen solver computation
info: -> scale
info: -> solve with SparseLU
info: ------------------------------------------------------------------
info: [time] Linear solver took 2.0591e-05 s.
info: Convergence criterion, component 0: |dx|=0.0000e+00, |x|=1.2437e+03, |dx|/|x|=0.0000e+00
info: Convergence criterion, component 1: |dx|=5.4449e+00, |x|=2.4761e+04, |dx|/|x|=2.1990e-04
info: [time] Iteration #2 took 0.000303282 s.
info: [time] Assembly took 0.000267129 s.
info: [time] Applying Dirichlet BCs took 5.369e-06 s.
info: ------------------------------------------------------------------
info: *** Eigen solver computation
info: -> scale
info: -> solve with SparseLU
info: ------------------------------------------------------------------
info: [time] Linear solver took 1.8936e-05 s.
info: Convergence criterion, component 0: |dx|=0.0000e+00, |x|=1.2437e+03, |dx|/|x|=0.0000e+00
info: Convergence criterion, component 1: |dx|=3.4393e-02, |x|=2.4761e+04, |dx|/|x|=1.3890e-06
info: [time] Iteration #3 took 0.000300374 s.
info: [time] Assembly took 0.000266206 s.
info: [time] Applying Dirichlet BCs took 5.17e-06 s.
info: ------------------------------------------------------------------
info: *** Eigen solver computation
info: -> scale
info: -> solve with SparseLU
info: ------------------------------------------------------------------
info: [time] Linear solver took 1.8061e-05 s.
info: Convergence criterion, component 0: |dx|=0.0000e+00, |x|=1.2437e+03, |dx|/|x|=0.0000e+00
info: Convergence criterion, component 1: |dx|=1.9981e-04, |x|=2.4761e+04, |dx|/|x|=8.0695e-09
info: [time] Iteration #4 took 0.000298168 s.
info: [time] Solving process #0 took 0.00131283 s in time step #10 
info: [time] Time step #10 took 0.00134087 s.
info: [time] Output of timestep 10 took 0.00102854 s.
info: The whole computation of the time stepping took 10 steps, in which
	 the accepted steps are 10, and the rejected steps are 0.

info: [time] Execution took 0.0276192 s.
info: OGS terminated on 2021-10-21 18:52:23+0200.
