info: This is OpenGeoSys-6 version 6.4.0-1412-g346b1e229.dirty.
info: OGS started on 2021-10-22 16:42:27+0200.
info: ConstantParameter: E
info: ConstantParameter: nu
info: ConstantParameter: displacement0
info: ConstantParameter: pressure_ic
info: ConstantParameter: dirichlet0
info: ConstantParameter: neumann0
info: ConstantParameter: pressure_bc_left
info: ConstantParameter: temperature0
info: ConstantParameter: Tvalue
info: CurveScaledParameter: temperature1
info: No source terms for process variable 'pressure' found.
info: No source terms for process variable 'temperature' found.
info: Initialize processes.
info: Solve processes.
info: [time] Output of timestep 0 took 0.00118742 s.
info: === Time stepping at step #1 and time 0.1 with step size 0.1
info: Calculate non-equilibrium initial residuum.
info: [time] Assembly took 0.000368271 s.
info: [time] Applying Dirichlet BCs took 8.09e-06 s.
info: ------------------------------------------------------------------
info: *** Eigen solver computation
info: -> scale
info: -> solve with SparseLU
info: ------------------------------------------------------------------
info: [time] Linear solver took 3.9527e-05 s.
info: Convergence criterion, component 0: |dx|=0.0000e+00, |x|=8.7061e+02, |dx|/|x|=0.0000e+00
info: Convergence criterion, component 1: |dx|=2.1760e+07, |x|=2.1760e+07, |dx|/|x|=1.0000e+00
info: [time] Iteration #1 took 0.0004279 s.
info: [time] Assembly took 0.000241777 s.
info: [time] Applying Dirichlet BCs took 5.731e-06 s.
info: ------------------------------------------------------------------
info: *** Eigen solver computation
info: -> scale
info: -> solve with SparseLU
info: ------------------------------------------------------------------
info: [time] Linear solver took 2.091e-05 s.
info: Convergence criterion, component 0: |dx|=0.0000e+00, |x|=8.7061e+02, |dx|/|x|=0.0000e+00
info: Convergence criterion, component 1: |dx|=4.7425e+04, |x|=2.1807e+07, |dx|/|x|=2.1748e-03
info: [time] Iteration #2 took 0.000277845 s.
info: [time] Assembly took 0.000238159 s.
info: [time] Applying Dirichlet BCs took 5.2e-06 s.
info: ------------------------------------------------------------------
info: *** Eigen solver computation
info: -> scale
info: -> solve with SparseLU
info: ------------------------------------------------------------------
info: [time] Linear solver took 1.8695e-05 s.
info: Convergence criterion, component 0: |dx|=0.0000e+00, |x|=8.7061e+02, |dx|/|x|=0.0000e+00
info: Convergence criterion, component 1: |dx|=1.0322e+02, |x|=2.1807e+07, |dx|/|x|=4.7333e-06
info: [time] Iteration #3 took 0.000270992 s.
info: [time] Assembly took 0.000238168 s.
info: [time] Applying Dirichlet BCs took 4.941e-06 s.
info: ------------------------------------------------------------------
info: *** Eigen solver computation
info: -> scale
info: -> solve with SparseLU
info: ------------------------------------------------------------------
info: [time] Linear solver took 1.8108e-05 s.
info: Convergence criterion, component 0: |dx|=0.0000e+00, |x|=8.7061e+02, |dx|/|x|=0.0000e+00
info: Convergence criterion, component 1: |dx|=2.2466e-01, |x|=2.1807e+07, |dx|/|x|=1.0302e-08
info: [time] Iteration #4 took 0.000269576 s.
info: [time] Assembly took 0.000237259 s.
info: [time] Applying Dirichlet BCs took 4.816e-06 s.
info: ------------------------------------------------------------------
info: *** Eigen solver computation
info: -> scale
info: -> solve with SparseLU
info: ------------------------------------------------------------------
info: [time] Linear solver took 1.789e-05 s.
info: Convergence criterion, component 0: |dx|=0.0000e+00, |x|=8.7061e+02, |dx|/|x|=0.0000e+00
info: Convergence criterion, component 1: |dx|=4.8896e-04, |x|=2.1807e+07, |dx|/|x|=2.2422e-11
info: [time] Iteration #5 took 0.000268462 s.
info: [time] Solving process #0 took 0.00152317 s in time step #1 
info: [time] Time step #1 took 0.00154823 s.
info: [time] Output of timestep 1 took 0.00102503 s.
info: === Time stepping at step #2 and time 0.2 with step size 0.1
info: [time] Assembly took 0.000316771 s.
info: [time] Applying Dirichlet BCs took 6.479e-06 s.
info: ------------------------------------------------------------------
info: *** Eigen solver computation
info: -> scale
info: -> solve with SparseLU
info: ------------------------------------------------------------------
info: [time] Linear solver took 2.6763e-05 s.
info: Convergence criterion, component 0: |dx|=0.0000e+00, |x|=9.1207e+02, |dx|/|x|=0.0000e+00
info: Convergence criterion, component 1: |dx|=2.1729e+07, |x|=4.3536e+07, |dx|/|x|=4.9910e-01
info: [time] Iteration #1 took 0.000362299 s.
info: [time] Assembly took 0.000239224 s.
info: [time] Applying Dirichlet BCs took 5.518e-06 s.
info: ------------------------------------------------------------------
info: *** Eigen solver computation
info: -> scale
info: -> solve with SparseLU
info: ------------------------------------------------------------------
info: [time] Linear solver took 2.0392e-05 s.
info: Convergence criterion, component 0: |dx|=0.0000e+00, |x|=9.1207e+02, |dx|/|x|=0.0000e+00
info: Convergence criterion, component 1: |dx|=4.7442e+04, |x|=4.3583e+07, |dx|/|x|=1.0885e-03
info: [time] Iteration #2 took 0.00027394 s.
info: [time] Assembly took 0.000237046 s.
info: [time] Applying Dirichlet BCs took 5.067e-06 s.
info: ------------------------------------------------------------------
info: *** Eigen solver computation
info: -> scale
info: -> solve with SparseLU
info: ------------------------------------------------------------------
info: [time] Linear solver took 1.9069e-05 s.
info: Convergence criterion, component 0: |dx|=0.0000e+00, |x|=9.1207e+02, |dx|/|x|=0.0000e+00
info: Convergence criterion, component 1: |dx|=1.0344e+02, |x|=4.3584e+07, |dx|/|x|=2.3734e-06
info: [time] Iteration #3 took 0.000269738 s.
info: [time] Assembly took 0.000284132 s.
info: [time] Applying Dirichlet BCs took 5.144e-06 s.
info: ------------------------------------------------------------------
info: *** Eigen solver computation
info: -> scale
info: -> solve with SparseLU
info: ------------------------------------------------------------------
info: [time] Linear solver took 1.8787e-05 s.
info: Convergence criterion, component 0: |dx|=0.0000e+00, |x|=9.1207e+02, |dx|/|x|=0.0000e+00
info: Convergence criterion, component 1: |dx|=2.2554e-01, |x|=4.3584e+07, |dx|/|x|=5.1749e-09
info: [time] Iteration #4 took 0.000317095 s.
info: [time] Assembly took 0.000236021 s.
info: [time] Applying Dirichlet BCs took 4.723e-06 s.
info: ------------------------------------------------------------------
info: *** Eigen solver computation
info: -> scale
info: -> solve with SparseLU
info: ------------------------------------------------------------------
info: [time] Linear solver took 1.7606e-05 s.
info: Convergence criterion, component 0: |dx|=0.0000e+00, |x|=9.1207e+02, |dx|/|x|=0.0000e+00
info: Convergence criterion, component 1: |dx|=4.9176e-04, |x|=4.3584e+07, |dx|/|x|=1.1283e-11
info: [time] Iteration #5 took 0.000266692 s.
info: [time] Solving process #0 took 0.00149805 s in time step #2 
info: [time] Time step #2 took 0.00151982 s.
info: [time] Output of timestep 2 took 0.00102372 s.
info: === Time stepping at step #3 and time 0.3 with step size 0.1
info: [time] Assembly took 0.000316005 s.
info: [time] Applying Dirichlet BCs took 6.62e-06 s.
info: ------------------------------------------------------------------
info: *** Eigen solver computation
info: -> scale
info: -> solve with SparseLU
info: ------------------------------------------------------------------
info: [time] Linear solver took 2.6127e-05 s.
info: Convergence criterion, component 0: |dx|=0.0000e+00, |x|=9.5353e+02, |dx|/|x|=0.0000e+00
info: Convergence criterion, component 1: |dx|=2.1698e+07, |x|=6.5282e+07, |dx|/|x|=3.3238e-01
info: [time] Iteration #1 took 0.000359315 s.
info: [time] Assembly took 0.00023923 s.
info: [time] Applying Dirichlet BCs took 5.679e-06 s.
info: ------------------------------------------------------------------
info: *** Eigen solver computation
info: -> scale
info: -> solve with SparseLU
info: ------------------------------------------------------------------
info: [time] Linear solver took 2.1778e-05 s.
info: Convergence criterion, component 0: |dx|=0.0000e+00, |x|=9.5353e+02, |dx|/|x|=0.0000e+00
info: Convergence criterion, component 1: |dx|=4.7460e+04, |x|=6.5329e+07, |dx|/|x|=7.2647e-04
info: [time] Iteration #2 took 0.000275809 s.
info: [time] Assembly took 0.000235958 s.
info: [time] Applying Dirichlet BCs took 4.915e-06 s.
info: ------------------------------------------------------------------
info: *** Eigen solver computation
info: -> scale
info: -> solve with SparseLU
info: ------------------------------------------------------------------
info: [time] Linear solver took 2.5604e-05 s.
info: Convergence criterion, component 0: |dx|=0.0000e+00, |x|=9.5353e+02, |dx|/|x|=0.0000e+00
info: Convergence criterion, component 1: |dx|=1.0366e+02, |x|=6.5329e+07, |dx|/|x|=1.5868e-06
info: [time] Iteration #3 took 0.000278059 s.
info: [time] Assembly took 0.000349619 s.
info: [time] Applying Dirichlet BCs took 5.128e-06 s.
info: ------------------------------------------------------------------
info: *** Eigen solver computation
info: -> scale
info: -> solve with SparseLU
info: ------------------------------------------------------------------
info: [time] Linear solver took 1.9021e-05 s.
info: Convergence criterion, component 0: |dx|=0.0000e+00, |x|=9.5353e+02, |dx|/|x|=0.0000e+00
info: Convergence criterion, component 1: |dx|=2.2643e-01, |x|=6.5329e+07, |dx|/|x|=3.4660e-09
info: [time] Iteration #4 took 0.000382669 s.
info: [time] Assembly took 0.000268506 s.
info: [time] Applying Dirichlet BCs took 4.847e-06 s.
info: ------------------------------------------------------------------
info: *** Eigen solver computation
info: -> scale
info: -> solve with SparseLU
info: ------------------------------------------------------------------
info: [time] Linear solver took 3.5866e-05 s.
info: Convergence criterion, component 0: |dx|=0.0000e+00, |x|=9.5353e+02, |dx|/|x|=0.0000e+00
info: Convergence criterion, component 1: |dx|=4.9458e-04, |x|=6.5329e+07, |dx|/|x|=7.5706e-12
info: [time] Iteration #5 took 0.000318564 s.
info: [time] Solving process #0 took 0.00162275 s in time step #3 
info: [time] Time step #3 took 0.00164638 s.
info: [time] Output of timestep 3 took 0.00110247 s.
info: === Time stepping at step #4 and time 0.4 with step size 0.1
info: [time] Assembly took 0.000275632 s.
info: [time] Applying Dirichlet BCs took 7.246e-06 s.
info: ------------------------------------------------------------------
info: *** Eigen solver computation
info: -> scale
info: -> solve with SparseLU
info: ------------------------------------------------------------------
info: [time] Linear solver took 2.8549e-05 s.
info: Convergence criterion, component 0: |dx|=0.0000e+00, |x|=9.9498e+02, |dx|/|x|=0.0000e+00
info: Convergence criterion, component 1: |dx|=2.1667e+07, |x|=8.6996e+07, |dx|/|x|=2.4906e-01
info: [time] Iteration #1 took 0.000323305 s.
info: [time] Assembly took 0.000262699 s.
info: [time] Applying Dirichlet BCs took 6.143e-06 s.
info: ------------------------------------------------------------------
info: *** Eigen solver computation
info: -> scale
info: -> solve with SparseLU
info: ------------------------------------------------------------------
info: [time] Linear solver took 2.1846e-05 s.
info: Convergence criterion, component 0: |dx|=0.0000e+00, |x|=9.9498e+02, |dx|/|x|=0.0000e+00
info: Convergence criterion, component 1: |dx|=4.7477e+04, |x|=8.7044e+07, |dx|/|x|=5.4544e-04
info: [time] Iteration #2 took 0.000300714 s.
info: [time] Assembly took 0.000261043 s.
info: [time] Applying Dirichlet BCs took 5.829e-06 s.
info: ------------------------------------------------------------------
info: *** Eigen solver computation
info: -> scale
info: -> solve with SparseLU
info: ------------------------------------------------------------------
info: [time] Linear solver took 2.0248e-05 s.
info: Convergence criterion, component 0: |dx|=0.0000e+00, |x|=9.9498e+02, |dx|/|x|=0.0000e+00
info: Convergence criterion, component 1: |dx|=1.0389e+02, |x|=8.7044e+07, |dx|/|x|=1.1935e-06
info: [time] Iteration #3 took 0.000298543 s.
info: [time] Assembly took 0.000258992 s.
info: [time] Applying Dirichlet BCs took 5.587e-06 s.
info: ------------------------------------------------------------------
info: *** Eigen solver computation
info: -> scale
info: -> solve with SparseLU
info: ------------------------------------------------------------------
info: [time] Linear solver took 1.9506e-05 s.
info: Convergence criterion, component 0: |dx|=0.0000e+00, |x|=9.9498e+02, |dx|/|x|=0.0000e+00
info: Convergence criterion, component 1: |dx|=2.2733e-01, |x|=8.7044e+07, |dx|/|x|=2.6117e-09
info: [time] Iteration #4 took 0.000293241 s.
info: [time] Assembly took 0.000258049 s.
info: [time] Applying Dirichlet BCs took 5.405e-06 s.
info: ------------------------------------------------------------------
info: *** Eigen solver computation
info: -> scale
info: -> solve with SparseLU
info: ------------------------------------------------------------------
info: [time] Linear solver took 1.903e-05 s.
info: Convergence criterion, component 0: |dx|=0.0000e+00, |x|=9.9498e+02, |dx|/|x|=0.0000e+00
info: Convergence criterion, component 1: |dx|=4.9744e-04, |x|=8.7044e+07, |dx|/|x|=5.7149e-12
info: [time] Iteration #5 took 0.000291503 s.
info: [time] Solving process #0 took 0.00151627 s in time step #4 
info: [time] Time step #4 took 0.00154015 s.
info: [time] Output of timestep 4 took 0.00105391 s.
info: === Time stepping at step #5 and time 0.5 with step size 0.1
info: [time] Assembly took 0.000281248 s.
info: [time] Applying Dirichlet BCs took 7.349e-06 s.
info: ------------------------------------------------------------------
info: *** Eigen solver computation
info: -> scale
info: -> solve with SparseLU
info: ------------------------------------------------------------------
info: [time] Linear solver took 2.4875e-05 s.
info: Convergence criterion, component 0: |dx|=0.0000e+00, |x|=1.0364e+03, |dx|/|x|=0.0000e+00
info: Convergence criterion, component 1: |dx|=2.1636e+07, |x|=1.0868e+08, |dx|/|x|=1.9908e-01
info: [time] Iteration #1 took 0.000325626 s.
info: [time] Assembly took 0.000262132 s.
info: [time] Applying Dirichlet BCs took 6.017e-06 s.
info: ------------------------------------------------------------------
info: *** Eigen solver computation
info: -> scale
info: -> solve with SparseLU
info: ------------------------------------------------------------------
info: [time] Linear solver took 2.2139e-05 s.
info: Convergence criterion, component 0: |dx|=0.0000e+00, |x|=1.0364e+03, |dx|/|x|=0.0000e+00
info: Convergence criterion, component 1: |dx|=4.7494e+04, |x|=1.0873e+08, |dx|/|x|=4.3682e-04
info: [time] Iteration #2 took 0.000300322 s.
info: [time] Assembly took 0.000258649 s.
info: [time] Applying Dirichlet BCs took 5.6e-06 s.
info: ------------------------------------------------------------------
info: *** Eigen solver computation
info: -> scale
info: -> solve with SparseLU
info: ------------------------------------------------------------------
info: [time] Linear solver took 2.0758e-05 s.
info: Convergence criterion, component 0: |dx|=0.0000e+00, |x|=1.0364e+03, |dx|/|x|=0.0000e+00
info: Convergence criterion, component 1: |dx|=1.0411e+02, |x|=1.0873e+08, |dx|/|x|=9.5757e-07
info: [time] Iteration #3 took 0.000294501 s.
info: [time] Assembly took 0.000256928 s.
info: [time] Applying Dirichlet BCs took 5.317e-06 s.
info: ------------------------------------------------------------------
info: *** Eigen solver computation
info: -> scale
info: -> solve with SparseLU
info: ------------------------------------------------------------------
info: [time] Linear solver took 1.9921e-05 s.
info: Convergence criterion, component 0: |dx|=0.0000e+00, |x|=1.0364e+03, |dx|/|x|=0.0000e+00
info: Convergence criterion, component 1: |dx|=2.2823e-01, |x|=1.0873e+08, |dx|/|x|=2.0991e-09
info: [time] Iteration #4 took 0.000291019 s.
info: [time] Assembly took 0.000256537 s.
info: [time] Applying Dirichlet BCs took 4.97e-06 s.
info: ------------------------------------------------------------------
info: *** Eigen solver computation
info: -> scale
info: -> solve with SparseLU
info: ------------------------------------------------------------------
info: [time] Linear solver took 2.1073e-05 s.
info: Convergence criterion, component 0: |dx|=0.0000e+00, |x|=1.0364e+03, |dx|/|x|=0.0000e+00
info: Convergence criterion, component 1: |dx|=5.0031e-04, |x|=1.0873e+08, |dx|/|x|=4.6015e-12
info: [time] Iteration #5 took 0.000291437 s.
info: [time] Solving process #0 took 0.00151186 s in time step #5 
info: [time] Time step #5 took 0.00153715 s.
info: [time] Output of timestep 5 took 0.00104758 s.
info: === Time stepping at step #6 and time 0.6 with step size 0.1
info: [time] Assembly took 0.000281026 s.
info: [time] Applying Dirichlet BCs took 7.179e-06 s.
info: ------------------------------------------------------------------
info: *** Eigen solver computation
info: -> scale
info: -> solve with SparseLU
info: ------------------------------------------------------------------
info: [time] Linear solver took 2.5003e-05 s.
info: Convergence criterion, component 0: |dx|=0.0000e+00, |x|=1.0779e+03, |dx|/|x|=0.0000e+00
info: Convergence criterion, component 1: |dx|=2.1605e+07, |x|=1.3033e+08, |dx|/|x|=1.6577e-01
info: [time] Iteration #1 took 0.000325011 s.
info: [time] Assembly took 0.000278899 s.
info: [time] Applying Dirichlet BCs took 5.689e-06 s.
info: ------------------------------------------------------------------
info: *** Eigen solver computation
info: -> scale
info: -> solve with SparseLU
info: ------------------------------------------------------------------
info: [time] Linear solver took 2.0343e-05 s.
info: Convergence criterion, component 0: |dx|=0.0000e+00, |x|=1.0779e+03, |dx|/|x|=0.0000e+00
info: Convergence criterion, component 1: |dx|=4.7511e+04, |x|=1.3038e+08, |dx|/|x|=3.6441e-04
info: [time] Iteration #2 took 0.000314484 s.
info: [time] Assembly took 0.000238499 s.
info: [time] Applying Dirichlet BCs took 5.276e-06 s.
info: ------------------------------------------------------------------
info: *** Eigen solver computation
info: -> scale
info: -> solve with SparseLU
info: ------------------------------------------------------------------
info: [time] Linear solver took 1.864e-05 s.
info: Convergence criterion, component 0: |dx|=0.0000e+00, |x|=1.0779e+03, |dx|/|x|=0.0000e+00
info: Convergence criterion, component 1: |dx|=1.0434e+02, |x|=1.3038e+08, |dx|/|x|=8.0027e-07
info: [time] Iteration #3 took 0.000271238 s.
info: [time] Assembly took 0.000275999 s.
info: [time] Applying Dirichlet BCs took 4.803e-06 s.
info: ------------------------------------------------------------------
info: *** Eigen solver computation
info: -> scale
info: -> solve with SparseLU
info: ------------------------------------------------------------------
info: [time] Linear solver took 1.8057e-05 s.
info: Convergence criterion, component 0: |dx|=0.0000e+00, |x|=1.0779e+03, |dx|/|x|=0.0000e+00
info: Convergence criterion, component 1: |dx|=2.2914e-01, |x|=1.3038e+08, |dx|/|x|=1.7575e-09
info: [time] Iteration #4 took 0.000307435 s.
info: [time] Assembly took 0.00023701 s.
info: [time] Applying Dirichlet BCs took 4.949e-06 s.
info: ------------------------------------------------------------------
info: *** Eigen solver computation
info: -> scale
info: -> solve with SparseLU
info: ------------------------------------------------------------------
info: [time] Linear solver took 1.728e-05 s.
info: Convergence criterion, component 0: |dx|=0.0000e+00, |x|=1.0779e+03, |dx|/|x|=0.0000e+00
info: Convergence criterion, component 1: |dx|=5.0321e-04, |x|=1.3038e+08, |dx|/|x|=3.8596e-12
info: [time] Iteration #5 took 0.000267567 s.
info: [time] Solving process #0 took 0.00149404 s in time step #6 
info: [time] Time step #6 took 0.00151574 s.
info: [time] Output of timestep 6 took 0.00112483 s.
info: === Time stepping at step #7 and time 0.7 with step size 0.1
info: [time] Assembly took 0.000304871 s.
info: [time] Applying Dirichlet BCs took 6.784e-06 s.
info: ------------------------------------------------------------------
info: *** Eigen solver computation
info: -> scale
info: -> solve with SparseLU
info: ------------------------------------------------------------------
info: [time] Linear solver took 2.3961e-05 s.
info: Convergence criterion, component 0: |dx|=0.0000e+00, |x|=1.1194e+03, |dx|/|x|=0.0000e+00
info: Convergence criterion, component 1: |dx|=2.1573e+07, |x|=1.5195e+08, |dx|/|x|=1.4197e-01
info: [time] Iteration #1 took 0.000346283 s.
info: [time] Assembly took 0.000240517 s.
info: [time] Applying Dirichlet BCs took 5.445e-06 s.
info: ------------------------------------------------------------------
info: *** Eigen solver computation
info: -> scale
info: -> solve with SparseLU
info: ------------------------------------------------------------------
info: [time] Linear solver took 1.98e-05 s.
info: Convergence criterion, component 0: |dx|=0.0000e+00, |x|=1.1194e+03, |dx|/|x|=0.0000e+00
info: Convergence criterion, component 1: |dx|=4.7528e+04, |x|=1.5200e+08, |dx|/|x|=3.1269e-04
info: [time] Iteration #2 took 0.000274881 s.
info: [time] Assembly took 0.000238129 s.
info: [time] Applying Dirichlet BCs took 5.136e-06 s.
info: ------------------------------------------------------------------
info: *** Eigen solver computation
info: -> scale
info: -> solve with SparseLU
info: ------------------------------------------------------------------
info: [time] Linear solver took 1.825e-05 s.
info: Convergence criterion, component 0: |dx|=0.0000e+00, |x|=1.1194e+03, |dx|/|x|=0.0000e+00
info: Convergence criterion, component 1: |dx|=1.0457e+02, |x|=1.5200e+08, |dx|/|x|=6.8793e-07
info: [time] Iteration #3 took 0.000270292 s.
info: [time] Assembly took 0.000276608 s.
info: [time] Applying Dirichlet BCs took 5.286e-06 s.
info: ------------------------------------------------------------------
info: *** Eigen solver computation
info: -> scale
info: -> solve with SparseLU
info: ------------------------------------------------------------------
info: [time] Linear solver took 3.3086e-05 s.
info: Convergence criterion, component 0: |dx|=0.0000e+00, |x|=1.1194e+03, |dx|/|x|=0.0000e+00
info: Convergence criterion, component 1: |dx|=2.3005e-01, |x|=1.5200e+08, |dx|/|x|=1.5135e-09
info: [time] Iteration #4 took 0.000324527 s.
info: [time] Assembly took 0.000236975 s.
info: [time] Applying Dirichlet BCs took 4.809e-06 s.
info: ------------------------------------------------------------------
info: *** Eigen solver computation
info: -> scale
info: -> solve with SparseLU
info: ------------------------------------------------------------------
info: [time] Linear solver took 1.7847e-05 s.
info: Convergence criterion, component 0: |dx|=0.0000e+00, |x|=1.1194e+03, |dx|/|x|=0.0000e+00
info: Convergence criterion, component 1: |dx|=5.0613e-04, |x|=1.5200e+08, |dx|/|x|=3.3298e-12
info: [time] Iteration #5 took 0.000268141 s.
info: [time] Solving process #0 took 0.00149256 s in time step #7 
info: [time] Time step #7 took 0.00151454 s.
info: [time] Output of timestep 7 took 0.00109839 s.
info: === Time stepping at step #8 and time 0.8 with step size 0.1
info: [time] Assembly took 0.000310383 s.
info: [time] Applying Dirichlet BCs took 6.907e-06 s.
info: ------------------------------------------------------------------
info: *** Eigen solver computation
info: -> scale
info: -> solve with SparseLU
info: ------------------------------------------------------------------
info: [time] Linear solver took 2.2641e-05 s.
info: Convergence criterion, component 0: |dx|=0.0000e+00, |x|=1.1608e+03, |dx|/|x|=0.0000e+00
info: Convergence criterion, component 1: |dx|=2.1542e+07, |x|=1.7354e+08, |dx|/|x|=1.2413e-01
info: [time] Iteration #1 took 0.000350648 s.
info: [time] Assembly took 0.00023874 s.
info: [time] Applying Dirichlet BCs took 5.426e-06 s.
info: ------------------------------------------------------------------
info: *** Eigen solver computation
info: -> scale
info: -> solve with SparseLU
info: ------------------------------------------------------------------
info: [time] Linear solver took 2.0426e-05 s.
info: Convergence criterion, component 0: |dx|=0.0000e+00, |x|=1.1608e+03, |dx|/|x|=0.0000e+00
info: Convergence criterion, component 1: |dx|=4.7545e+04, |x|=1.7359e+08, |dx|/|x|=2.7389e-04
info: [time] Iteration #2 took 0.000275397 s.
info: [time] Assembly took 0.000279311 s.
info: [time] Applying Dirichlet BCs took 5.15e-06 s.
info: ------------------------------------------------------------------
info: *** Eigen solver computation
info: -> scale
info: -> solve with SparseLU
info: ------------------------------------------------------------------
info: [time] Linear solver took 1.9286e-05 s.
info: Convergence criterion, component 0: |dx|=0.0000e+00, |x|=1.1608e+03, |dx|/|x|=0.0000e+00
info: Convergence criterion, component 1: |dx|=1.0479e+02, |x|=1.7359e+08, |dx|/|x|=6.0368e-07
info: [time] Iteration #3 took 0.000312375 s.
info: [time] Assembly took 0.000237658 s.
info: [time] Applying Dirichlet BCs took 4.804e-06 s.
info: ------------------------------------------------------------------
info: *** Eigen solver computation
info: -> scale
info: -> solve with SparseLU
info: ------------------------------------------------------------------
info: [time] Linear solver took 1.8143e-05 s.
info: Convergence criterion, component 0: |dx|=0.0000e+00, |x|=1.1608e+03, |dx|/|x|=0.0000e+00
info: Convergence criterion, component 1: |dx|=2.3097e-01, |x|=1.7359e+08, |dx|/|x|=1.3305e-09
info: [time] Iteration #4 took 0.000268945 s.
info: [time] Assembly took 0.000236784 s.
info: [time] Applying Dirichlet BCs took 4.937e-06 s.
info: ------------------------------------------------------------------
info: *** Eigen solver computation
info: -> scale
info: -> solve with SparseLU
info: ------------------------------------------------------------------
info: [time] Linear solver took 1.725e-05 s.
info: Convergence criterion, component 0: |dx|=0.0000e+00, |x|=1.1608e+03, |dx|/|x|=0.0000e+00
info: Convergence criterion, component 1: |dx|=5.0907e-04, |x|=1.7359e+08, |dx|/|x|=2.9326e-12
info: [time] Iteration #5 took 0.000267234 s.
info: [time] Solving process #0 took 0.00148282 s in time step #8 
info: [time] Time step #8 took 0.00150457 s.
info: [time] Output of timestep 8 took 0.0010387 s.
info: === Time stepping at step #9 and time 0.9 with step size 0.1
info: [time] Assembly took 0.00034973 s.
info: [time] Applying Dirichlet BCs took 2.5775e-05 s.
info: ------------------------------------------------------------------
info: *** Eigen solver computation
info: -> scale
info: -> solve with SparseLU
info: ------------------------------------------------------------------
info: [time] Linear solver took 2.5425e-05 s.
info: Convergence criterion, component 0: |dx|=0.0000e+00, |x|=1.2023e+03, |dx|/|x|=0.0000e+00
info: Convergence criterion, component 1: |dx|=2.1510e+07, |x|=1.9510e+08, |dx|/|x|=1.1025e-01
info: [time] Iteration #1 took 0.000412549 s.
info: [time] Assembly took 0.000287143 s.
info: [time] Applying Dirichlet BCs took 5.636e-06 s.
info: ------------------------------------------------------------------
info: *** Eigen solver computation
info: -> scale
info: -> solve with SparseLU
info: ------------------------------------------------------------------
info: [time] Linear solver took 2.0002e-05 s.
info: Convergence criterion, component 0: |dx|=0.0000e+00, |x|=1.2023e+03, |dx|/|x|=0.0000e+00
info: Convergence criterion, component 1: |dx|=4.7562e+04, |x|=1.9515e+08, |dx|/|x|=2.4372e-04
info: [time] Iteration #2 took 0.000321874 s.
info: [time] Assembly took 0.000236707 s.
info: [time] Applying Dirichlet BCs took 5.215e-06 s.
info: ------------------------------------------------------------------
info: *** Eigen solver computation
info: -> scale
info: -> solve with SparseLU
info: ------------------------------------------------------------------
info: [time] Linear solver took 1.8363e-05 s.
info: Convergence criterion, component 0: |dx|=0.0000e+00, |x|=1.2023e+03, |dx|/|x|=0.0000e+00
info: Convergence criterion, component 1: |dx|=1.0502e+02, |x|=1.9515e+08, |dx|/|x|=5.3816e-07
info: [time] Iteration #3 took 0.000269152 s.
info: [time] Assembly took 0.000235402 s.
info: [time] Applying Dirichlet BCs took 4.85e-06 s.
info: ------------------------------------------------------------------
info: *** Eigen solver computation
info: -> scale
info: -> solve with SparseLU
info: ------------------------------------------------------------------
info: [time] Linear solver took 1.9459e-05 s.
info: Convergence criterion, component 0: |dx|=0.0000e+00, |x|=1.2023e+03, |dx|/|x|=0.0000e+00
info: Convergence criterion, component 1: |dx|=2.3190e-01, |x|=1.9515e+08, |dx|/|x|=1.1883e-09
info: [time] Iteration #4 took 0.000268371 s.
info: [time] Assembly took 0.000234758 s.
info: [time] Applying Dirichlet BCs took 4.629e-06 s.
info: ------------------------------------------------------------------
info: *** Eigen solver computation
info: -> scale
info: -> solve with SparseLU
info: ------------------------------------------------------------------
info: [time] Linear solver took 1.7707e-05 s.
info: Convergence criterion, component 0: |dx|=0.0000e+00, |x|=1.2023e+03, |dx|/|x|=0.0000e+00
info: Convergence criterion, component 1: |dx|=5.1205e-04, |x|=1.9515e+08, |dx|/|x|=2.6239e-12
info: [time] Iteration #5 took 0.000265389 s.
info: [time] Solving process #0 took 0.0015457 s in time step #9 
info: [time] Time step #9 took 0.00156738 s.
info: [time] Output of timestep 9 took 0.00122794 s.
info: === Time stepping at step #10 and time 1 with step size 0.1
info: [time] Assembly took 0.000319667 s.
info: [time] Applying Dirichlet BCs took 6.67e-06 s.
info: ------------------------------------------------------------------
info: *** Eigen solver computation
info: -> scale
info: -> solve with SparseLU
info: ------------------------------------------------------------------
info: [time] Linear solver took 2.281e-05 s.
info: Convergence criterion, component 0: |dx|=0.0000e+00, |x|=1.2437e+03, |dx|/|x|=0.0000e+00
info: Convergence criterion, component 1: |dx|=2.1479e+07, |x|=2.1663e+08, |dx|/|x|=9.9150e-02
info: [time] Iteration #1 took 0.000359725 s.
info: [time] Assembly took 0.000239665 s.
info: [time] Applying Dirichlet BCs took 5.457e-06 s.
info: ------------------------------------------------------------------
info: *** Eigen solver computation
info: -> scale
info: -> solve with SparseLU
info: ------------------------------------------------------------------
info: [time] Linear solver took 1.9424e-05 s.
info: Convergence criterion, component 0: |dx|=0.0000e+00, |x|=1.2437e+03, |dx|/|x|=0.0000e+00
info: Convergence criterion, component 1: |dx|=4.7579e+04, |x|=2.1667e+08, |dx|/|x|=2.1959e-04
info: [time] Iteration #2 took 0.00027369 s.
info: [time] Assembly took 0.000299898 s.
info: [time] Applying Dirichlet BCs took 5.524e-06 s.
info: ------------------------------------------------------------------
info: *** Eigen solver computation
info: -> scale
info: -> solve with SparseLU
info: ------------------------------------------------------------------
info: [time] Linear solver took 1.8705e-05 s.
info: Convergence criterion, component 0: |dx|=0.0000e+00, |x|=1.2437e+03, |dx|/|x|=0.0000e+00
info: Convergence criterion, component 1: |dx|=1.0525e+02, |x|=2.1667e+08, |dx|/|x|=4.8575e-07
info: [time] Iteration #3 took 0.000346439 s.
info: [time] Assembly took 0.000238311 s.
info: [time] Applying Dirichlet BCs took 5.203e-06 s.
info: ------------------------------------------------------------------
info: *** Eigen solver computation
info: -> scale
info: -> solve with SparseLU
info: ------------------------------------------------------------------
info: [time] Linear solver took 1.7739e-05 s.
info: Convergence criterion, component 0: |dx|=0.0000e+00, |x|=1.2437e+03, |dx|/|x|=0.0000e+00
info: Convergence criterion, component 1: |dx|=2.3283e-01, |x|=2.1667e+08, |dx|/|x|=1.0745e-09
info: [time] Iteration #4 took 0.000269716 s.
info: [time] Assembly took 0.000238269 s.
info: [time] Applying Dirichlet BCs took 4.845e-06 s.
info: ------------------------------------------------------------------
info: *** Eigen solver computation
info: -> scale
info: -> solve with SparseLU
info: ------------------------------------------------------------------
info: [time] Linear solver took 1.7292e-05 s.
info: Convergence criterion, component 0: |dx|=0.0000e+00, |x|=1.2437e+03, |dx|/|x|=0.0000e+00
info: Convergence criterion, component 1: |dx|=5.1504e-04, |x|=2.1667e+08, |dx|/|x|=2.3770e-12
info: [time] Iteration #5 took 0.000270497 s.
info: [time] Solving process #0 took 0.00152848 s in time step #10 
info: [time] Time step #10 took 0.00155017 s.
info: [time] Output of timestep 10 took 0.00102445 s.
info: The whole computation of the time stepping took 10 steps, in which
	 the accepted steps are 10, and the rejected steps are 0.

info: [time] Execution took 0.0299423 s.
info: OGS terminated on 2021-10-22 16:42:27+0200.
