info: This is OpenGeoSys-6 version 6.4.0-1412-g346b1e229.dirty.
info: OGS started on 2021-10-22 16:49:19+0200.
[0] info: ConstantParameter: E
[0] info: ConstantParameter: nu
[0] info: ConstantParameter: displacement0
[0] info: ConstantParameter: pressure_ic
[0] info: ConstantParameter: dirichlet0
[0] info: ConstantParameter: neumann0
[0] info: ConstantParameter: pressure_bc_left
[0] info: ConstantParameter: temperature0
[0] info: ConstantParameter: Tvalue
[0] info: CurveScaledParameter: temperature1
[0] info: No source terms for process variable 'pressure' found.
[0] info: No source terms for process variable 'temperature' found.
[0] info: Initialize processes.
[0] info: Solve processes.
[0] info: [time] Output of timestep 0 took 0.00224246 s.
[0] info: === Time stepping at step #1 and time 0.1 with step size 0.1
[0] info: Calculate non-equilibrium initial residuum.
[0] info: [time] Assembly took 0.00728919 s.
[0] info: [time] Applying Dirichlet BCs took 2.8783e-05 s.

================================================
Linear solver gmres with lu preconditioner
converged in 1 iterations (relative convergence criterion fulfilled).
================================================
[0] info: [time] Linear solver took 0.00230494 s.
[0] info: Convergence criterion, component 0: |dx|=0.0000e+00, |x|=8.7061e+02, |dx|/|x|=0.0000e+00
[0] info: Convergence criterion, component 1: |dx|=2.1760e+07, |x|=2.1760e+07, |dx|/|x|=1.0000e+00
[0] info: [time] Iteration #1 took 0.00966669 s.
[0] info: [time] Assembly took 0.000853755 s.
[0] info: [time] Applying Dirichlet BCs took 2.3359e-05 s.

================================================
Linear solver gmres with lu preconditioner
converged in 1 iterations (relative convergence criterion fulfilled).
================================================
[0] info: [time] Linear solver took 0.000445143 s.
[0] info: Convergence criterion, component 0: |dx|=0.0000e+00, |x|=8.7061e+02, |dx|/|x|=0.0000e+00
[0] info: Convergence criterion, component 1: |dx|=4.7425e+04, |x|=2.1807e+07, |dx|/|x|=2.1748e-03
[0] info: [time] Iteration #2 took 0.00135026 s.
[0] info: [time] Assembly took 0.00086109 s.
[0] info: [time] Applying Dirichlet BCs took 1.942e-05 s.

================================================
Linear solver gmres with lu preconditioner
converged in 1 iterations (relative convergence criterion fulfilled).
================================================
[0] info: [time] Linear solver took 0.000464984 s.
[0] info: Convergence criterion, component 0: |dx|=0.0000e+00, |x|=8.7061e+02, |dx|/|x|=0.0000e+00
[0] info: Convergence criterion, component 1: |dx|=1.0322e+02, |x|=2.1807e+07, |dx|/|x|=4.7333e-06
[0] info: [time] Iteration #3 took 0.0013761 s.
[0] info: [time] Assembly took 0.000870241 s.
[0] info: [time] Applying Dirichlet BCs took 2.2709e-05 s.

================================================
Linear solver gmres with lu preconditioner
converged in 1 iterations (relative convergence criterion fulfilled).
================================================
[0] info: [time] Linear solver took 0.00045307 s.
[0] info: Convergence criterion, component 0: |dx|=0.0000e+00, |x|=8.7061e+02, |dx|/|x|=0.0000e+00
[0] info: Convergence criterion, component 1: |dx|=2.2466e-01, |x|=2.1807e+07, |dx|/|x|=1.0302e-08
[0] info: [time] Iteration #4 took 0.00137412 s.
[0] info: [time] Assembly took 0.000830069 s.
[0] info: [time] Applying Dirichlet BCs took 1.9632e-05 s.

================================================
Linear solver gmres with lu preconditioner
converged in 1 iterations (relative convergence criterion fulfilled).
================================================
[0] info: [time] Linear solver took 0.000448994 s.
[0] info: Convergence criterion, component 0: |dx|=0.0000e+00, |x|=8.7061e+02, |dx|/|x|=0.0000e+00
[0] info: Convergence criterion, component 1: |dx|=4.8896e-04, |x|=2.1807e+07, |dx|/|x|=2.2422e-11
[0] info: [time] Iteration #5 took 0.00132779 s.
[0] info: [time] Solving process #0 took 0.0151542 s in time step #1 
[0] info: [time] Time step #1 took 0.0152163 s.
[0] info: [time] Output of timestep 1 took 0.00140717 s.
[0] info: === Time stepping at step #2 and time 0.2 with step size 0.1
[0] info: [time] Assembly took 0.000930321 s.
[0] info: [time] Applying Dirichlet BCs took 3.6327e-05 s.

================================================
Linear solver gmres with lu preconditioner
converged in 1 iterations (relative convergence criterion fulfilled).
================================================
[0] info: [time] Linear solver took 0.000979418 s.
[0] info: Convergence criterion, component 0: |dx|=0.0000e+00, |x|=9.1207e+02, |dx|/|x|=0.0000e+00
[0] info: Convergence criterion, component 1: |dx|=2.1729e+07, |x|=4.3536e+07, |dx|/|x|=4.9910e-01
[0] info: [time] Iteration #1 took 0.00203515 s.
[0] info: [time] Assembly took 0.000900774 s.
[0] info: [time] Applying Dirichlet BCs took 2.4038e-05 s.

================================================
Linear solver gmres with lu preconditioner
converged in 1 iterations (relative convergence criterion fulfilled).
================================================
[0] info: [time] Linear solver took 0.000449473 s.
[0] info: Convergence criterion, component 0: |dx|=0.0000e+00, |x|=9.1207e+02, |dx|/|x|=0.0000e+00
[0] info: Convergence criterion, component 1: |dx|=4.7442e+04, |x|=4.3583e+07, |dx|/|x|=1.0885e-03
[0] info: [time] Iteration #2 took 0.00140257 s.
[0] info: [time] Assembly took 0.000807081 s.
[0] info: [time] Applying Dirichlet BCs took 1.8882e-05 s.

================================================
Linear solver gmres with lu preconditioner
converged in 1 iterations (relative convergence criterion fulfilled).
================================================
[0] info: [time] Linear solver took 0.00043703 s.
[0] info: Convergence criterion, component 0: |dx|=0.0000e+00, |x|=9.1207e+02, |dx|/|x|=0.0000e+00
[0] info: Convergence criterion, component 1: |dx|=1.0344e+02, |x|=4.3584e+07, |dx|/|x|=2.3734e-06
[0] info: [time] Iteration #3 took 0.0012907 s.
[0] info: [time] Assembly took 0.00089008 s.
[0] info: [time] Applying Dirichlet BCs took 2.01e-05 s.

================================================
Linear solver gmres with lu preconditioner
converged in 1 iterations (relative convergence criterion fulfilled).
================================================
[0] info: [time] Linear solver took 0.000474222 s.
[0] info: Convergence criterion, component 0: |dx|=0.0000e+00, |x|=9.1207e+02, |dx|/|x|=0.0000e+00
[0] info: Convergence criterion, component 1: |dx|=2.2554e-01, |x|=4.3584e+07, |dx|/|x|=5.1749e-09
[0] info: [time] Iteration #4 took 0.00141428 s.
[0] info: [time] Assembly took 0.000857533 s.
[0] info: [time] Applying Dirichlet BCs took 1.93e-05 s.

================================================
Linear solver gmres with lu preconditioner
converged in 1 iterations (relative convergence criterion fulfilled).
================================================
[0] info: [time] Linear solver took 0.000436364 s.
[0] info: Convergence criterion, component 0: |dx|=0.0000e+00, |x|=9.1207e+02, |dx|/|x|=0.0000e+00
[0] info: Convergence criterion, component 1: |dx|=4.9176e-04, |x|=4.3584e+07, |dx|/|x|=1.1283e-11
[0] info: [time] Iteration #5 took 0.00134148 s.
[0] info: [time] Solving process #0 took 0.00753853 s in time step #2 
[0] info: [time] Time step #2 took 0.00759379 s.
[0] info: [time] Output of timestep 2 took 0.00140081 s.
[0] info: === Time stepping at step #3 and time 0.3 with step size 0.1
[0] info: [time] Assembly took 0.000846442 s.
[0] info: [time] Applying Dirichlet BCs took 2.0271e-05 s.

================================================
Linear solver gmres with lu preconditioner
converged in 1 iterations (relative convergence criterion fulfilled).
================================================
[0] info: [time] Linear solver took 0.000721898 s.
[0] info: Convergence criterion, component 0: |dx|=0.0000e+00, |x|=9.5353e+02, |dx|/|x|=0.0000e+00
[0] info: Convergence criterion, component 1: |dx|=2.1698e+07, |x|=6.5282e+07, |dx|/|x|=3.3238e-01
[0] info: [time] Iteration #1 took 0.00161821 s.
[0] info: [time] Assembly took 0.000837613 s.
[0] info: [time] Applying Dirichlet BCs took 2.0367e-05 s.

================================================
Linear solver gmres with lu preconditioner
converged in 1 iterations (relative convergence criterion fulfilled).
================================================
[0] info: [time] Linear solver took 0.000460833 s.
[0] info: Convergence criterion, component 0: |dx|=0.0000e+00, |x|=9.5353e+02, |dx|/|x|=0.0000e+00
[0] info: Convergence criterion, component 1: |dx|=4.7460e+04, |x|=6.5329e+07, |dx|/|x|=7.2647e-04
[0] info: [time] Iteration #2 took 0.00135213 s.
[0] info: [time] Assembly took 0.000876011 s.
[0] info: [time] Applying Dirichlet BCs took 2.0345e-05 s.

================================================
Linear solver gmres with lu preconditioner
converged in 1 iterations (relative convergence criterion fulfilled).
================================================
[0] info: [time] Linear solver took 0.00044076 s.
[0] info: Convergence criterion, component 0: |dx|=0.0000e+00, |x|=9.5353e+02, |dx|/|x|=0.0000e+00
[0] info: Convergence criterion, component 1: |dx|=1.0366e+02, |x|=6.5329e+07, |dx|/|x|=1.5868e-06
[0] info: [time] Iteration #3 took 0.00136488 s.
[0] info: [time] Assembly took 0.000835742 s.
[0] info: [time] Applying Dirichlet BCs took 1.9127e-05 s.

================================================
Linear solver gmres with lu preconditioner
converged in 1 iterations (relative convergence criterion fulfilled).
================================================
[0] info: [time] Linear solver took 0.000442721 s.
[0] info: Convergence criterion, component 0: |dx|=0.0000e+00, |x|=9.5353e+02, |dx|/|x|=0.0000e+00
[0] info: Convergence criterion, component 1: |dx|=2.2643e-01, |x|=6.5329e+07, |dx|/|x|=3.4660e-09
[0] info: [time] Iteration #4 took 0.00132557 s.
[0] info: [time] Assembly took 0.000828736 s.
[0] info: [time] Applying Dirichlet BCs took 1.934e-05 s.

================================================
Linear solver gmres with lu preconditioner
converged in 1 iterations (relative convergence criterion fulfilled).
================================================
[0] info: [time] Linear solver took 0.000433829 s.
[0] info: Convergence criterion, component 0: |dx|=0.0000e+00, |x|=9.5353e+02, |dx|/|x|=0.0000e+00
[0] info: Convergence criterion, component 1: |dx|=4.9458e-04, |x|=6.5329e+07, |dx|/|x|=7.5706e-12
[0] info: [time] Iteration #5 took 0.00130974 s.
[0] info: [time] Solving process #0 took 0.00702075 s in time step #3 
[0] info: [time] Time step #3 took 0.00707414 s.
[0] info: [time] Output of timestep 3 took 0.00123948 s.
[0] info: === Time stepping at step #4 and time 0.4 with step size 0.1
[0] info: [time] Assembly took 0.000880817 s.
[0] info: [time] Applying Dirichlet BCs took 2.0977e-05 s.

================================================
Linear solver gmres with lu preconditioner
converged in 1 iterations (relative convergence criterion fulfilled).
================================================
[0] info: [time] Linear solver took 0.000705328 s.
[0] info: Convergence criterion, component 0: |dx|=0.0000e+00, |x|=9.9498e+02, |dx|/|x|=0.0000e+00
[0] info: Convergence criterion, component 1: |dx|=2.1667e+07, |x|=8.6996e+07, |dx|/|x|=2.4906e-01
[0] info: [time] Iteration #1 took 0.00163743 s.
[0] info: [time] Assembly took 0.000828966 s.
[0] info: [time] Applying Dirichlet BCs took 2.0443e-05 s.

================================================
Linear solver gmres with lu preconditioner
converged in 1 iterations (relative convergence criterion fulfilled).
================================================
[0] info: [time] Linear solver took 0.000469242 s.
[0] info: Convergence criterion, component 0: |dx|=0.0000e+00, |x|=9.9498e+02, |dx|/|x|=0.0000e+00
[0] info: Convergence criterion, component 1: |dx|=4.7477e+04, |x|=8.7044e+07, |dx|/|x|=5.4544e-04
[0] info: [time] Iteration #2 took 0.00134875 s.
[0] info: [time] Assembly took 0.000914397 s.
[0] info: [time] Applying Dirichlet BCs took 2.108e-05 s.

================================================
Linear solver gmres with lu preconditioner
converged in 1 iterations (relative convergence criterion fulfilled).
================================================
[0] info: [time] Linear solver took 0.00043206 s.
[0] info: Convergence criterion, component 0: |dx|=0.0000e+00, |x|=9.9498e+02, |dx|/|x|=0.0000e+00
[0] info: Convergence criterion, component 1: |dx|=1.0389e+02, |x|=8.7044e+07, |dx|/|x|=1.1935e-06
[0] info: [time] Iteration #3 took 0.0013965 s.
[0] info: [time] Assembly took 0.000874796 s.
[0] info: [time] Applying Dirichlet BCs took 1.9819e-05 s.

================================================
Linear solver gmres with lu preconditioner
converged in 1 iterations (relative convergence criterion fulfilled).
================================================
[0] info: [time] Linear solver took 0.000471249 s.
[0] info: Convergence criterion, component 0: |dx|=0.0000e+00, |x|=9.9498e+02, |dx|/|x|=0.0000e+00
[0] info: Convergence criterion, component 1: |dx|=2.2733e-01, |x|=8.7044e+07, |dx|/|x|=2.6117e-09
[0] info: [time] Iteration #4 took 0.00139448 s.
[0] info: [time] Assembly took 0.000829892 s.
[0] info: [time] Applying Dirichlet BCs took 1.9242e-05 s.

================================================
Linear solver gmres with lu preconditioner
converged in 1 iterations (relative convergence criterion fulfilled).
================================================
[0] info: [time] Linear solver took 0.00043583 s.
[0] info: Convergence criterion, component 0: |dx|=0.0000e+00, |x|=9.9498e+02, |dx|/|x|=0.0000e+00
[0] info: Convergence criterion, component 1: |dx|=4.9744e-04, |x|=8.7044e+07, |dx|/|x|=5.7148e-12
[0] info: [time] Iteration #5 took 0.00131353 s.
[0] info: [time] Solving process #0 took 0.00714217 s in time step #4 
[0] info: [time] Time step #4 took 0.00720181 s.
[0] info: [time] Output of timestep 4 took 0.00119928 s.
[0] info: === Time stepping at step #5 and time 0.5 with step size 0.1
[0] info: [time] Assembly took 0.000834496 s.
[0] info: [time] Applying Dirichlet BCs took 2.0037e-05 s.

================================================
Linear solver gmres with lu preconditioner
converged in 1 iterations (relative convergence criterion fulfilled).
================================================
[0] info: [time] Linear solver took 0.000712941 s.
[0] info: Convergence criterion, component 0: |dx|=0.0000e+00, |x|=1.0364e+03, |dx|/|x|=0.0000e+00
[0] info: Convergence criterion, component 1: |dx|=2.1636e+07, |x|=1.0868e+08, |dx|/|x|=1.9908e-01
[0] info: [time] Iteration #1 took 0.0015973 s.
[0] info: [time] Assembly took 0.000863133 s.
[0] info: [time] Applying Dirichlet BCs took 2.1408e-05 s.

================================================
Linear solver gmres with lu preconditioner
converged in 1 iterations (relative convergence criterion fulfilled).
================================================
[0] info: [time] Linear solver took 0.000461006 s.
[0] info: Convergence criterion, component 0: |dx|=0.0000e+00, |x|=1.0364e+03, |dx|/|x|=0.0000e+00
[0] info: Convergence criterion, component 1: |dx|=4.7494e+04, |x|=1.0873e+08, |dx|/|x|=4.3682e-04
[0] info: [time] Iteration #2 took 0.00137627 s.
[0] info: [time] Assembly took 0.000852581 s.
[0] info: [time] Applying Dirichlet BCs took 1.9692e-05 s.

================================================
Linear solver gmres with lu preconditioner
converged in 1 iterations (relative convergence criterion fulfilled).
================================================
[0] info: [time] Linear solver took 0.000457295 s.
[0] info: Convergence criterion, component 0: |dx|=0.0000e+00, |x|=1.0364e+03, |dx|/|x|=0.0000e+00
[0] info: Convergence criterion, component 1: |dx|=1.0411e+02, |x|=1.0873e+08, |dx|/|x|=9.5757e-07
[0] info: [time] Iteration #3 took 0.00135909 s.
[0] info: [time] Assembly took 0.000865942 s.
[0] info: [time] Applying Dirichlet BCs took 2.0054e-05 s.

================================================
Linear solver gmres with lu preconditioner
converged in 1 iterations (relative convergence criterion fulfilled).
================================================
[0] info: [time] Linear solver took 0.00044538 s.
[0] info: Convergence criterion, component 0: |dx|=0.0000e+00, |x|=1.0364e+03, |dx|/|x|=0.0000e+00
[0] info: Convergence criterion, component 1: |dx|=2.2823e-01, |x|=1.0873e+08, |dx|/|x|=2.0991e-09
[0] info: [time] Iteration #4 took 0.00136387 s.
[0] info: [time] Assembly took 0.000853806 s.
[0] info: [time] Applying Dirichlet BCs took 1.9339e-05 s.

================================================
Linear solver gmres with lu preconditioner
converged in 1 iterations (relative convergence criterion fulfilled).
================================================
[0] info: [time] Linear solver took 0.000447671 s.
[0] info: Convergence criterion, component 0: |dx|=0.0000e+00, |x|=1.0364e+03, |dx|/|x|=0.0000e+00
[0] info: Convergence criterion, component 1: |dx|=5.0031e-04, |x|=1.0873e+08, |dx|/|x|=4.6015e-12
[0] info: [time] Iteration #5 took 0.00134942 s.
[0] info: [time] Solving process #0 took 0.00709645 s in time step #5 
[0] info: [time] Time step #5 took 0.00715168 s.
[0] info: [time] Output of timestep 5 took 0.00122773 s.
[0] info: === Time stepping at step #6 and time 0.6 with step size 0.1
[0] info: [time] Assembly took 0.000953039 s.
[0] info: [time] Applying Dirichlet BCs took 2.1112e-05 s.

================================================
Linear solver gmres with lu preconditioner
converged in 1 iterations (relative convergence criterion fulfilled).
================================================
[0] info: [time] Linear solver took 0.000732562 s.
[0] info: Convergence criterion, component 0: |dx|=0.0000e+00, |x|=1.0779e+03, |dx|/|x|=0.0000e+00
[0] info: Convergence criterion, component 1: |dx|=2.1605e+07, |x|=1.3033e+08, |dx|/|x|=1.6577e-01
[0] info: [time] Iteration #1 took 0.00173824 s.
[0] info: [time] Assembly took 0.00085761 s.
[0] info: [time] Applying Dirichlet BCs took 2.0626e-05 s.

================================================
Linear solver gmres with lu preconditioner
converged in 1 iterations (relative convergence criterion fulfilled).
================================================
[0] info: [time] Linear solver took 0.000439393 s.
[0] info: Convergence criterion, component 0: |dx|=0.0000e+00, |x|=1.0779e+03, |dx|/|x|=0.0000e+00
[0] info: Convergence criterion, component 1: |dx|=4.7511e+04, |x|=1.3038e+08, |dx|/|x|=3.6441e-04
[0] info: [time] Iteration #2 took 0.00134681 s.
[0] info: [time] Assembly took 0.000862922 s.
[0] info: [time] Applying Dirichlet BCs took 2.0431e-05 s.

================================================
Linear solver gmres with lu preconditioner
converged in 1 iterations (relative convergence criterion fulfilled).
================================================
[0] info: [time] Linear solver took 0.000439586 s.
[0] info: Convergence criterion, component 0: |dx|=0.0000e+00, |x|=1.0779e+03, |dx|/|x|=0.0000e+00
[0] info: Convergence criterion, component 1: |dx|=1.0434e+02, |x|=1.3038e+08, |dx|/|x|=8.0027e-07
[0] info: [time] Iteration #3 took 0.00135247 s.
[0] info: [time] Assembly took 0.000885842 s.
[0] info: [time] Applying Dirichlet BCs took 1.9669e-05 s.

================================================
Linear solver gmres with lu preconditioner
converged in 1 iterations (relative convergence criterion fulfilled).
================================================
[0] info: [time] Linear solver took 0.000463569 s.
[0] info: Convergence criterion, component 0: |dx|=0.0000e+00, |x|=1.0779e+03, |dx|/|x|=0.0000e+00
[0] info: Convergence criterion, component 1: |dx|=2.2914e-01, |x|=1.3038e+08, |dx|/|x|=1.7575e-09
[0] info: [time] Iteration #4 took 0.00139927 s.
[0] info: [time] Assembly took 0.000893403 s.
[0] info: [time] Applying Dirichlet BCs took 2.0898e-05 s.

================================================
Linear solver gmres with lu preconditioner
converged in 1 iterations (relative convergence criterion fulfilled).
================================================
[0] info: [time] Linear solver took 0.000462636 s.
[0] info: Convergence criterion, component 0: |dx|=0.0000e+00, |x|=1.0779e+03, |dx|/|x|=0.0000e+00
[0] info: Convergence criterion, component 1: |dx|=5.0321e-04, |x|=1.3038e+08, |dx|/|x|=3.8596e-12
[0] info: [time] Iteration #5 took 0.00141043 s.
[0] info: [time] Solving process #0 took 0.0073116 s in time step #6 
[0] info: [time] Time step #6 took 0.007364 s.
[0] info: [time] Output of timestep 6 took 0.00122975 s.
[0] info: === Time stepping at step #7 and time 0.7 with step size 0.1
[0] info: [time] Assembly took 0.000862201 s.
[0] info: [time] Applying Dirichlet BCs took 2.0594e-05 s.

================================================
Linear solver gmres with lu preconditioner
converged in 1 iterations (relative convergence criterion fulfilled).
================================================
[0] info: [time] Linear solver took 0.000727562 s.
[0] info: Convergence criterion, component 0: |dx|=0.0000e+00, |x|=1.1194e+03, |dx|/|x|=0.0000e+00
[0] info: Convergence criterion, component 1: |dx|=2.1573e+07, |x|=1.5195e+08, |dx|/|x|=1.4197e-01
[0] info: [time] Iteration #1 took 0.00164115 s.
[0] info: [time] Assembly took 0.000889289 s.
[0] info: [time] Applying Dirichlet BCs took 2.0688e-05 s.

================================================
Linear solver gmres with lu preconditioner
converged in 1 iterations (relative convergence criterion fulfilled).
================================================
[0] info: [time] Linear solver took 0.000443468 s.
[0] info: Convergence criterion, component 0: |dx|=0.0000e+00, |x|=1.1194e+03, |dx|/|x|=0.0000e+00
[0] info: Convergence criterion, component 1: |dx|=4.7528e+04, |x|=1.5200e+08, |dx|/|x|=3.1269e-04
[0] info: [time] Iteration #2 took 0.00138283 s.
[0] info: [time] Assembly took 0.000853908 s.
[0] info: [time] Applying Dirichlet BCs took 1.9798e-05 s.

================================================
Linear solver gmres with lu preconditioner
converged in 1 iterations (relative convergence criterion fulfilled).
================================================
[0] info: [time] Linear solver took 0.000461804 s.
[0] info: Convergence criterion, component 0: |dx|=0.0000e+00, |x|=1.1194e+03, |dx|/|x|=0.0000e+00
[0] info: Convergence criterion, component 1: |dx|=1.0457e+02, |x|=1.5200e+08, |dx|/|x|=6.8793e-07
[0] info: [time] Iteration #3 took 0.00136595 s.
[0] info: [time] Assembly took 0.00091311 s.
[0] info: [time] Applying Dirichlet BCs took 2.0245e-05 s.

================================================
Linear solver gmres with lu preconditioner
converged in 1 iterations (relative convergence criterion fulfilled).
================================================
[0] info: [time] Linear solver took 0.000425399 s.
[0] info: Convergence criterion, component 0: |dx|=0.0000e+00, |x|=1.1194e+03, |dx|/|x|=0.0000e+00
[0] info: Convergence criterion, component 1: |dx|=2.3005e-01, |x|=1.5200e+08, |dx|/|x|=1.5135e-09
[0] info: [time] Iteration #4 took 0.00138693 s.
[0] info: [time] Assembly took 0.000872083 s.
[0] info: [time] Applying Dirichlet BCs took 1.9983e-05 s.

================================================
Linear solver gmres with lu preconditioner
converged in 1 iterations (relative convergence criterion fulfilled).
================================================
[0] info: [time] Linear solver took 0.00044985 s.
[0] info: Convergence criterion, component 0: |dx|=0.0000e+00, |x|=1.1194e+03, |dx|/|x|=0.0000e+00
[0] info: Convergence criterion, component 1: |dx|=5.0614e-04, |x|=1.5200e+08, |dx|/|x|=3.3298e-12
[0] info: [time] Iteration #5 took 0.00137139 s.
[0] info: [time] Solving process #0 took 0.00720013 s in time step #7 
[0] info: [time] Time step #7 took 0.00726664 s.
[0] info: [time] Output of timestep 7 took 0.00124316 s.
[0] info: === Time stepping at step #8 and time 0.8 with step size 0.1
[0] info: [time] Assembly took 0.000905871 s.
[0] info: [time] Applying Dirichlet BCs took 2.0908e-05 s.

================================================
Linear solver gmres with lu preconditioner
converged in 1 iterations (relative convergence criterion fulfilled).
================================================
[0] info: [time] Linear solver took 0.000725957 s.
[0] info: Convergence criterion, component 0: |dx|=0.0000e+00, |x|=1.1608e+03, |dx|/|x|=0.0000e+00
[0] info: Convergence criterion, component 1: |dx|=2.1542e+07, |x|=1.7354e+08, |dx|/|x|=1.2413e-01
[0] info: [time] Iteration #1 took 0.00168807 s.
[0] info: [time] Assembly took 0.000881959 s.
[0] info: [time] Applying Dirichlet BCs took 2.1385e-05 s.

================================================
Linear solver gmres with lu preconditioner
converged in 1 iterations (relative convergence criterion fulfilled).
================================================
[0] info: [time] Linear solver took 0.000450132 s.
[0] info: Convergence criterion, component 0: |dx|=0.0000e+00, |x|=1.1608e+03, |dx|/|x|=0.0000e+00
[0] info: Convergence criterion, component 1: |dx|=4.7545e+04, |x|=1.7359e+08, |dx|/|x|=2.7389e-04
[0] info: [time] Iteration #2 took 0.00138321 s.
[0] info: [time] Assembly took 0.000882234 s.
[0] info: [time] Applying Dirichlet BCs took 2.0364e-05 s.

================================================
Linear solver gmres with lu preconditioner
converged in 1 iterations (relative convergence criterion fulfilled).
================================================
[0] info: [time] Linear solver took 0.000452882 s.
[0] info: Convergence criterion, component 0: |dx|=0.0000e+00, |x|=1.1608e+03, |dx|/|x|=0.0000e+00
[0] info: Convergence criterion, component 1: |dx|=1.0479e+02, |x|=1.7359e+08, |dx|/|x|=6.0368e-07
[0] info: [time] Iteration #3 took 0.00138555 s.
[0] info: [time] Assembly took 0.000871127 s.
[0] info: [time] Applying Dirichlet BCs took 2.0199e-05 s.

================================================
Linear solver gmres with lu preconditioner
converged in 1 iterations (relative convergence criterion fulfilled).
================================================
[0] info: [time] Linear solver took 0.000454464 s.
[0] info: Convergence criterion, component 0: |dx|=0.0000e+00, |x|=1.1608e+03, |dx|/|x|=0.0000e+00
[0] info: Convergence criterion, component 1: |dx|=2.3097e-01, |x|=1.7359e+08, |dx|/|x|=1.3305e-09
[0] info: [time] Iteration #4 took 0.00137467 s.
[0] info: [time] Assembly took 0.000891267 s.
[0] info: [time] Applying Dirichlet BCs took 1.9735e-05 s.

================================================
Linear solver gmres with lu preconditioner
converged in 1 iterations (relative convergence criterion fulfilled).
================================================
[0] info: [time] Linear solver took 0.000426788 s.
[0] info: Convergence criterion, component 0: |dx|=0.0000e+00, |x|=1.1608e+03, |dx|/|x|=0.0000e+00
[0] info: Convergence criterion, component 1: |dx|=5.0907e-04, |x|=1.7359e+08, |dx|/|x|=2.9326e-12
[0] info: [time] Iteration #5 took 0.00136617 s.
[0] info: [time] Solving process #0 took 0.00724843 s in time step #8 
[0] info: [time] Time step #8 took 0.00730049 s.
[0] info: [time] Output of timestep 8 took 0.00120784 s.
[0] info: === Time stepping at step #9 and time 0.9 with step size 0.1
[0] info: [time] Assembly took 0.000844637 s.
[0] info: [time] Applying Dirichlet BCs took 2.0144e-05 s.

================================================
Linear solver gmres with lu preconditioner
converged in 1 iterations (relative convergence criterion fulfilled).
================================================
[0] info: [time] Linear solver took 0.000722055 s.
[0] info: Convergence criterion, component 0: |dx|=0.0000e+00, |x|=1.2023e+03, |dx|/|x|=0.0000e+00
[0] info: Convergence criterion, component 1: |dx|=2.1510e+07, |x|=1.9510e+08, |dx|/|x|=1.1025e-01
[0] info: [time] Iteration #1 took 0.00161645 s.
[0] info: [time] Assembly took 0.000877339 s.
[0] info: [time] Applying Dirichlet BCs took 2.1181e-05 s.

================================================
Linear solver gmres with lu preconditioner
converged in 1 iterations (relative convergence criterion fulfilled).
================================================
[0] info: [time] Linear solver took 0.000450245 s.
[0] info: Convergence criterion, component 0: |dx|=0.0000e+00, |x|=1.2023e+03, |dx|/|x|=0.0000e+00
[0] info: Convergence criterion, component 1: |dx|=4.7562e+04, |x|=1.9515e+08, |dx|/|x|=2.4372e-04
[0] info: [time] Iteration #2 took 0.00137779 s.
[0] info: [time] Assembly took 0.000930503 s.
[0] info: [time] Applying Dirichlet BCs took 2.1259e-05 s.

================================================
Linear solver gmres with lu preconditioner
converged in 1 iterations (relative convergence criterion fulfilled).
================================================
[0] info: [time] Linear solver took 0.000461525 s.
[0] info: Convergence criterion, component 0: |dx|=0.0000e+00, |x|=1.2023e+03, |dx|/|x|=0.0000e+00
[0] info: Convergence criterion, component 1: |dx|=1.0502e+02, |x|=1.9515e+08, |dx|/|x|=5.3816e-07
[0] info: [time] Iteration #3 took 0.00144469 s.
[0] info: [time] Assembly took 0.000857652 s.
[0] info: [time] Applying Dirichlet BCs took 1.9984e-05 s.

================================================
Linear solver gmres with lu preconditioner
converged in 1 iterations (relative convergence criterion fulfilled).
================================================
[0] info: [time] Linear solver took 0.000436565 s.
[0] info: Convergence criterion, component 0: |dx|=0.0000e+00, |x|=1.2023e+03, |dx|/|x|=0.0000e+00
[0] info: Convergence criterion, component 1: |dx|=2.3190e-01, |x|=1.9515e+08, |dx|/|x|=1.1883e-09
[0] info: [time] Iteration #4 took 0.00134313 s.
[0] info: [time] Assembly took 0.000898318 s.
[0] info: [time] Applying Dirichlet BCs took 1.9978e-05 s.

================================================
Linear solver gmres with lu preconditioner
converged in 1 iterations (relative convergence criterion fulfilled).
================================================
[0] info: [time] Linear solver took 0.000463343 s.
[0] info: Convergence criterion, component 0: |dx|=0.0000e+00, |x|=1.2023e+03, |dx|/|x|=0.0000e+00
[0] info: Convergence criterion, component 1: |dx|=5.1205e-04, |x|=1.9515e+08, |dx|/|x|=2.6239e-12
[0] info: [time] Iteration #5 took 0.00142434 s.
[0] info: [time] Solving process #0 took 0.00725699 s in time step #9 
[0] info: [time] Time step #9 took 0.00730918 s.
[0] info: [time] Output of timestep 9 took 0.00119946 s.
[0] info: === Time stepping at step #10 and time 1 with step size 0.1
[0] info: [time] Assembly took 0.000852629 s.
[0] info: [time] Applying Dirichlet BCs took 2.0937e-05 s.

================================================
Linear solver gmres with lu preconditioner
converged in 1 iterations (relative convergence criterion fulfilled).
================================================
[0] info: [time] Linear solver took 0.000724542 s.
[0] info: Convergence criterion, component 0: |dx|=0.0000e+00, |x|=1.2437e+03, |dx|/|x|=0.0000e+00
[0] info: Convergence criterion, component 1: |dx|=2.1479e+07, |x|=2.1663e+08, |dx|/|x|=9.9150e-02
[0] info: [time] Iteration #1 took 0.00162933 s.
[0] info: [time] Assembly took 0.000873968 s.
[0] info: [time] Applying Dirichlet BCs took 2.0974e-05 s.

================================================
Linear solver gmres with lu preconditioner
converged in 1 iterations (relative convergence criterion fulfilled).
================================================
[0] info: [time] Linear solver took 0.000459552 s.
[0] info: Convergence criterion, component 0: |dx|=0.0000e+00, |x|=1.2437e+03, |dx|/|x|=0.0000e+00
[0] info: Convergence criterion, component 1: |dx|=4.7579e+04, |x|=2.1667e+08, |dx|/|x|=2.1959e-04
[0] info: [time] Iteration #2 took 0.00138282 s.
[0] info: [time] Assembly took 0.000854966 s.
[0] info: [time] Applying Dirichlet BCs took 2.0438e-05 s.

================================================
Linear solver gmres with lu preconditioner
converged in 1 iterations (relative convergence criterion fulfilled).
================================================
[0] info: [time] Linear solver took 0.000449576 s.
[0] info: Convergence criterion, component 0: |dx|=0.0000e+00, |x|=1.2437e+03, |dx|/|x|=0.0000e+00
[0] info: Convergence criterion, component 1: |dx|=1.0525e+02, |x|=2.1667e+08, |dx|/|x|=4.8575e-07
[0] info: [time] Iteration #3 took 0.0013545 s.
[0] info: [time] Assembly took 0.000872415 s.
[0] info: [time] Applying Dirichlet BCs took 2.0188e-05 s.

================================================
Linear solver gmres with lu preconditioner
converged in 1 iterations (relative convergence criterion fulfilled).
================================================
[0] info: [time] Linear solver took 0.000470221 s.
[0] info: Convergence criterion, component 0: |dx|=0.0000e+00, |x|=1.2437e+03, |dx|/|x|=0.0000e+00
[0] info: Convergence criterion, component 1: |dx|=2.3283e-01, |x|=2.1667e+08, |dx|/|x|=1.0745e-09
[0] info: [time] Iteration #4 took 0.00139294 s.
[0] info: [time] Assembly took 0.000914997 s.
[0] info: [time] Applying Dirichlet BCs took 2.095e-05 s.

================================================
Linear solver gmres with lu preconditioner
converged in 1 iterations (relative convergence criterion fulfilled).
================================================
[0] info: [time] Linear solver took 0.000449646 s.
[0] info: Convergence criterion, component 0: |dx|=0.0000e+00, |x|=1.2437e+03, |dx|/|x|=0.0000e+00
[0] info: Convergence criterion, component 1: |dx|=5.1503e-04, |x|=2.1667e+08, |dx|/|x|=2.3770e-12
[0] info: [time] Iteration #5 took 0.00141566 s.
[0] info: [time] Solving process #0 took 0.00722608 s in time step #10 
[0] info: [time] Time step #10 took 0.00728041 s.
[0] info: [time] Output of timestep 10 took 0.00124886 s.
[0] info: The whole computation of the time stepping took 10 steps, in which
	 the accepted steps are 10, and the rejected steps are 0.

[0] info: [time] Execution took 0.10012 s.
[0] info: OGS terminated on 2021-10-22 16:49:20+0200.
